2026-03-05 12:04:22,810 [INFO] === stock_widget 시작 ===  로그파일: D:\git_akadora\stock_widget\stock_widget_debug.log
2026-03-05 12:04:24,429 [INFO] _build_map 시작
2026-03-05 12:04:24,829 [WARNING] pykrx delta=0 (20260305): 빈 리스트
2026-03-05 12:04:25,093 [WARNING] pykrx delta=1 (20260304): 빈 리스트
2026-03-05 12:04:25,342 [WARNING] pykrx delta=2 (20260303): 빈 리스트
2026-03-05 12:04:25,612 [WARNING] pykrx delta=3 (20260302): 빈 리스트
2026-03-05 12:04:25,860 [WARNING] pykrx delta=4 (20260301): 빈 리스트
2026-03-05 12:04:26,069 [WARNING] pykrx delta=5 (20260228): 빈 리스트
2026-03-05 12:04:26,307 [WARNING] pykrx delta=6 (20260227): 빈 리스트
2026-03-05 12:04:26,307 [INFO] KRX KIND URL 시도 (kind.krx.co.kr)
2026-03-05 12:04:28,148 [INFO] KIND 컬럼: ['회사명', '시장구분', '종목코드', '업종', '주요제품', '상장일', '결산월', '대표자명', '홈페이지', '지역'], 행수=2766
2026-03-05 12:04:28,280 [INFO] KIND 완료: 2621종목
2026-03-05 12:04:28,281 [INFO] 완료: 2621종목, 삼성전자=('005930', '.KS')
2026-03-05 12:04:28,370 [INFO] fetch_pykrx(064350): price=226000.0, chg=11.881188118811881
2026-03-05 12:04:29,048 [DEBUG] 뉴스(064350): 10건 — 방산 대기업 ‘현대로템’ 전북 상륙… 무주에 항공우주 산업 심장
2026-03-05 12:04:31,421 [INFO] KR-FinBert-SC 로딩: snunlp/KR-FinBert-SC
2026-03-05 12:04:38,468 [INFO] fetch_pykrx(064350): price=226000.0, chg=11.881188118811881
2026-03-05 12:04:39,818 [DEBUG] 뉴스(064350): 10건 — 방산 대기업 ‘현대로템’ 전북 상륙… 무주에 항공우주 산업 심장
2026-03-05 12:04:48,565 [INFO] fetch_pykrx(064350): price=226000.0, chg=11.881188118811881
2026-03-05 12:04:50,342 [DEBUG] 뉴스(064350): 10건 — 방산 대기업 ‘현대로템’ 전북 상륙… 무주에 항공우주 산업 심장
2026-03-05 12:04:58,473 [INFO] fetch_pykrx(064350): price=226000.0, chg=11.881188118811881
2026-03-05 12:04:59,777 [DEBUG] 뉴스(064350): 10건 — 방산 대기업 ‘현대로템’ 전북 상륙… 무주에 항공우주 산업 심장
2026-03-05 12:05:08,496 [INFO] fetch_pykrx(064350): price=226000.0, chg=11.881188118811881
2026-03-05 12:05:09,644 [DEBUG] 뉴스(064350): 10건 — 방산 대기업 ‘현대로템’ 전북 상륙… 무주에 항공우주 산업 심장
2026-03-05 12:05:18,964 [INFO] fetch_pykrx(064350): price=226000.0, chg=11.881188118811881
2026-03-05 12:05:21,339 [DEBUG] 뉴스(064350): 10건 — 방산 대기업 ‘현대로템’ 전북 상륙… 무주에 항공우주 산업 심장
2026-03-05 12:05:28,528 [INFO] fetch_pykrx(064350): price=226000.0, chg=11.881188118811881
2026-03-05 12:05:29,324 [DEBUG] 뉴스(064350): 10건 — 방산 대기업 ‘현대로템’ 전북 상륙… 무주에 항공우주 산업 심장
2026-03-05 12:05:38,500 [INFO] fetch_pykrx(064350): price=226000.0, chg=11.881188118811881
2026-03-05 12:05:39,497 [DEBUG] 뉴스(064350): 10건 — 방산 대기업 ‘현대로템’ 전북 상륙… 무주에 항공우주 산업 심장
2026-03-05 12:05:48,447 [INFO] fetch_pykrx(064350): price=226000.0, chg=11.881188118811881
2026-03-05 12:05:48,467 [INFO] KR-FinBert-SC 로드 완료
2026-03-05 12:05:49,267 [DEBUG] 뉴스(064350): 10건 — 방산 대기업 ‘현대로템’ 전북 상륙… 무주에 항공우주 산업 심장
2026-03-05 12:05:58,457 [INFO] fetch_pykrx(064350): price=226000.0, chg=11.881188118811881
2026-03-05 12:06:01,387 [DEBUG] 뉴스(064350): 10건 — 방산 대기업 ‘현대로템’ 전북 상륙… 무주에 항공우주 산업 심장
2026-03-05 12:06:08,711 [INFO] fetch_pykrx(064350): price=226000.0, chg=11.881188118811881
2026-03-05 12:06:09,980 [DEBUG] 뉴스(064350): 10건 — 방산 대기업 ‘현대로템’ 전북 상륙… 무주에 항공우주 산업 심장
2026-03-05 12:06:18,609 [INFO] fetch_pykrx(064350): price=226000.0, chg=11.881188118811881
2026-03-05 12:06:20,056 [DEBUG] 뉴스(064350): 10건 — 방산 대기업 ‘현대로템’ 전북 상륙… 무주에 항공우주 산업 심장
2026-03-05 12:06:28,613 [INFO] fetch_pykrx(064350): price=227000.0, chg=12.376237623762377
2026-03-05 12:06:30,153 [DEBUG] 뉴스(064350): 10건 — 방산 대기업 ‘현대로템’ 전북 상륙… 무주에 항공우주 산업 심장
