2026-03-25 12:06:22 [INFO    ] hwp_diff:56 - Logger initialized. Log file: D:\git_akadora_cc\ai_dev_xia\hwp_diff\logs\hwp_diff.log
2026-03-25 12:06:22 [INFO    ] hwp_diff.core.controller:50 - [5%] 기준문서 로드: sample_original.txt
2026-03-25 12:06:22 [INFO    ] hwp_diff.core.controller:89 - Loading sample_docs/sample_original.txt as txt
2026-03-25 12:06:22 [INFO    ] hwp_diff.parsers.txt:82 - Parsing TXT: sample_docs/sample_original.txt
2026-03-25 12:06:22 [INFO    ] hwp_diff.parsers.txt:205 - TXT parsed: 66 blocks
2026-03-25 12:06:22 [DEBUG   ] hwp_diff.normalizers:44 - Normalizing document: sample_original_bfbc2c82 (66 blocks)
2026-03-25 12:06:22 [DEBUG   ] hwp_diff.normalizers:75 - Normalization complete: 66 blocks
2026-03-25 12:06:22 [INFO    ] hwp_diff.core.controller:50 - [20%] 비교문서 로드: sample_modified.txt
2026-03-25 12:06:22 [INFO    ] hwp_diff.core.controller:89 - Loading sample_docs/sample_modified.txt as txt
2026-03-25 12:06:22 [INFO    ] hwp_diff.parsers.txt:82 - Parsing TXT: sample_docs/sample_modified.txt
2026-03-25 12:06:22 [INFO    ] hwp_diff.parsers.txt:205 - TXT parsed: 70 blocks
2026-03-25 12:06:22 [DEBUG   ] hwp_diff.normalizers:44 - Normalizing document: sample_modified_eaf86853 (70 blocks)
2026-03-25 12:06:22 [DEBUG   ] hwp_diff.normalizers:75 - Normalization complete: 70 blocks
2026-03-25 12:06:22 [INFO    ] hwp_diff.core.controller:50 - [30%] 비교 시작...
2026-03-25 12:06:22 [INFO    ] hwp_diff.core.controller:50 - [0%] 비교 시작...
2026-03-25 12:06:22 [INFO    ] hwp_diff.core.controller:50 - [5%] 텍스트 블록 분리 중...
2026-03-25 12:06:22 [DEBUG   ] hwp_diff.diff_engine:55 - [5%] 텍스트 블록 분리 중...
2026-03-25 12:06:22 [INFO    ] hwp_diff.diff_engine:100 - Comparing: old=64 text + 2 tables, new=68 text + 2 tables
2026-03-25 12:06:22 [INFO    ] hwp_diff.core.controller:50 - [15%] 문단 매칭 중...
2026-03-25 12:06:22 [DEBUG   ] hwp_diff.diff_engine:55 - [15%] 문단 매칭 중...
2026-03-25 12:06:22 [DEBUG   ] hwp_diff.diff_engine.paragraph_matcher:43 - Matching 64 old blocks against 68 new blocks (threshold=0.60)
2026-03-25 12:06:27 [DEBUG   ] hwp_diff.diff_engine.paragraph_matcher:101 - Matched 64 block pairs
2026-03-25 12:06:27 [INFO    ] hwp_diff.core.controller:50 - [35%] 변경 사항 분석 중...
2026-03-25 12:06:27 [DEBUG   ] hwp_diff.diff_engine:55 - [35%] 변경 사항 분석 중...
2026-03-25 12:06:27 [DEBUG   ] hwp_diff.diff_engine.paragraph_matcher:244 - Detected 0 moved blocks
2026-03-25 12:06:27 [INFO    ] hwp_diff.core.controller:50 - [55%] 삭제된 내용 처리 중...
2026-03-25 12:06:27 [DEBUG   ] hwp_diff.diff_engine:55 - [55%] 삭제된 내용 처리 중...
2026-03-25 12:06:27 [INFO    ] hwp_diff.core.controller:50 - [65%] 추가된 내용 처리 중...
2026-03-25 12:06:27 [DEBUG   ] hwp_diff.diff_engine:55 - [65%] 추가된 내용 처리 중...
2026-03-25 12:06:27 [INFO    ] hwp_diff.core.controller:50 - [75%] 표 비교 중...
2026-03-25 12:06:27 [DEBUG   ] hwp_diff.diff_engine:55 - [75%] 표 비교 중...
2026-03-25 12:06:27 [DEBUG   ] hwp_diff.diff_engine.table_matcher:227 - Table comparison found 5 changes
2026-03-25 12:06:27 [DEBUG   ] hwp_diff.diff_engine.table_matcher:227 - Table comparison found 3 changes
2026-03-25 12:06:27 [INFO    ] hwp_diff.core.controller:50 - [90%] 통계 계산 중...
2026-03-25 12:06:27 [DEBUG   ] hwp_diff.diff_engine:55 - [90%] 통계 계산 중...
2026-03-25 12:06:27 [INFO    ] hwp_diff.core.controller:50 - [100%] 비교 완료
2026-03-25 12:06:27 [DEBUG   ] hwp_diff.diff_engine:55 - [100%] 비교 완료
2026-03-25 12:06:27 [INFO    ] hwp_diff.diff_engine:208 - Compare complete: 25 changes (add=4, del=0, mod=13, move=0, fmt=0, tbl=8)
2026-03-25 12:06:27 [INFO    ] hwp_diff.core.controller:50 - [100%] 비교 완료: 총 25건 변경
2026-03-25 12:13:04 [INFO    ] hwp_diff:56 - Logger initialized. Log file: D:\git_akadora_cc\ai_dev_xia\hwp_diff\logs\hwp_diff.log
2026-03-25 13:18:25 [INFO    ] hwp_diff.core.controller:50 - [5%] 기준문서 로드: 1.hwp
2026-03-25 13:18:25 [INFO    ] hwp_diff.core.controller:89 - Loading C:/Users/HS1/Desktop/diff data/1.hwp as hwp
2026-03-25 13:18:25 [INFO    ] hwp_diff.parsers.hwp:31 - Parsing HWP: C:/Users/HS1/Desktop/diff data/1.hwp
2026-03-25 13:18:46 [WARNING ] hwp_diff.parsers.hwp:89 - win32com HWP conversion failed: (-2147352562, '매개 변수의 개수가 잘못되었습니다.', None, None)
2026-03-25 13:18:46 [DEBUG   ] hwp_diff.parsers.hwp:116 - pyhwp not available
2026-03-25 13:18:46 [INFO    ] hwp_diff.parsers.hwp:149 - Using binary fallback for HWP: C:\Users\HS1\Desktop\diff data\1.hwp
2026-03-25 13:18:46 [INFO    ] hwp_diff.parsers.txt:89 - Parsing TXT: C:\Users\HS1\AppData\Local\Temp\tmpvsn1uh3r.txt
2026-03-25 13:18:46 [INFO    ] hwp_diff.parsers.txt:212 - TXT parsed: 229 blocks
2026-03-25 13:18:46 [DEBUG   ] hwp_diff.normalizers:44 - Normalizing document: 1_d62af6d5 (229 blocks)
2026-03-25 13:18:46 [DEBUG   ] hwp_diff.normalizers:75 - Normalization complete: 229 blocks
2026-03-25 13:18:46 [INFO    ] hwp_diff.core.controller:50 - [20%] 비교문서 로드: 2.hwp
2026-03-25 13:18:46 [INFO    ] hwp_diff.core.controller:89 - Loading C:/Users/HS1/Desktop/diff data/2.hwp as hwp
2026-03-25 13:18:46 [INFO    ] hwp_diff.parsers.hwp:31 - Parsing HWP: C:/Users/HS1/Desktop/diff data/2.hwp
2026-03-25 13:18:52 [WARNING ] hwp_diff.parsers.hwp:89 - win32com HWP conversion failed: (-2147352562, '매개 변수의 개수가 잘못되었습니다.', None, None)
2026-03-25 13:18:52 [DEBUG   ] hwp_diff.parsers.hwp:116 - pyhwp not available
2026-03-25 13:18:52 [INFO    ] hwp_diff.parsers.hwp:149 - Using binary fallback for HWP: C:\Users\HS1\Desktop\diff data\2.hwp
2026-03-25 13:18:52 [INFO    ] hwp_diff.parsers.txt:89 - Parsing TXT: C:\Users\HS1\AppData\Local\Temp\tmp4g3qr0rw.txt
2026-03-25 13:18:52 [INFO    ] hwp_diff.parsers.txt:212 - TXT parsed: 245 blocks
2026-03-25 13:18:52 [DEBUG   ] hwp_diff.normalizers:44 - Normalizing document: 2_99ae1ba9 (245 blocks)
2026-03-25 13:18:52 [DEBUG   ] hwp_diff.normalizers:75 - Normalization complete: 245 blocks
2026-03-25 13:18:52 [INFO    ] hwp_diff.core.controller:50 - [30%] 비교 시작...
2026-03-25 13:18:52 [INFO    ] hwp_diff.core.controller:50 - [0%] 비교 시작...
2026-03-25 13:18:52 [INFO    ] hwp_diff.core.controller:50 - [5%] 텍스트 블록 분리 중...
2026-03-25 13:18:52 [DEBUG   ] hwp_diff.diff_engine:55 - [5%] 텍스트 블록 분리 중...
2026-03-25 13:18:52 [INFO    ] hwp_diff.diff_engine:100 - Comparing: old=229 text + 0 tables, new=245 text + 0 tables
2026-03-25 13:18:52 [INFO    ] hwp_diff.core.controller:50 - [15%] 문단 매칭 중...
2026-03-25 13:18:52 [DEBUG   ] hwp_diff.diff_engine:55 - [15%] 문단 매칭 중...
2026-03-25 13:18:52 [DEBUG   ] hwp_diff.diff_engine.paragraph_matcher:43 - Matching 229 old blocks against 245 new blocks (threshold=0.60)
2026-03-25 13:18:58 [DEBUG   ] hwp_diff.diff_engine.paragraph_matcher:101 - Matched 5 block pairs
2026-03-25 13:18:58 [INFO    ] hwp_diff.core.controller:50 - [35%] 변경 사항 분석 중...
2026-03-25 13:18:58 [DEBUG   ] hwp_diff.diff_engine:55 - [35%] 변경 사항 분석 중...
2026-03-25 13:18:58 [DEBUG   ] hwp_diff.diff_engine.paragraph_matcher:244 - Detected 0 moved blocks
2026-03-25 13:18:58 [INFO    ] hwp_diff.core.controller:50 - [55%] 삭제된 내용 처리 중...
2026-03-25 13:18:58 [DEBUG   ] hwp_diff.diff_engine:55 - [55%] 삭제된 내용 처리 중...
2026-03-25 13:18:58 [INFO    ] hwp_diff.core.controller:50 - [65%] 추가된 내용 처리 중...
2026-03-25 13:18:58 [DEBUG   ] hwp_diff.diff_engine:55 - [65%] 추가된 내용 처리 중...
2026-03-25 13:18:58 [INFO    ] hwp_diff.core.controller:50 - [75%] 표 비교 중...
2026-03-25 13:18:58 [DEBUG   ] hwp_diff.diff_engine:55 - [75%] 표 비교 중...
2026-03-25 13:18:58 [INFO    ] hwp_diff.core.controller:50 - [90%] 통계 계산 중...
2026-03-25 13:18:58 [DEBUG   ] hwp_diff.diff_engine:55 - [90%] 통계 계산 중...
2026-03-25 13:18:58 [INFO    ] hwp_diff.core.controller:50 - [100%] 비교 완료
2026-03-25 13:18:58 [DEBUG   ] hwp_diff.diff_engine:55 - [100%] 비교 완료
2026-03-25 13:18:58 [INFO    ] hwp_diff.diff_engine:208 - Compare complete: 466 changes (add=240, del=224, mod=2, move=0, fmt=0, tbl=0)
2026-03-25 13:18:58 [INFO    ] hwp_diff.core.controller:50 - [100%] 비교 완료: 총 466건 변경
2026-03-25 13:18:58 [INFO    ] hwp_diff.ui.main_window:327 - Compare UI update complete: 466 changes
2026-03-25 13:19:31 [INFO    ] hwp_diff.exporters.excel:103 - Excel exported: D:/git_akadora_cc/ai_dev_xia/hwp_diff/비교결과_1_vs_2.xlsx
2026-03-25 13:19:31 [INFO    ] hwp_diff.core.controller:224 - Excel export success: D:/git_akadora_cc/ai_dev_xia/hwp_diff/비교결과_1_vs_2.xlsx
2026-03-25 13:52:09 [INFO    ] hwp_diff:56 - Logger initialized. Log file: D:\git_akadora_cc\ai_dev_xia\hwp_diff\logs\hwp_diff.log
2026-03-25 13:52:42 [INFO    ] hwp_diff.core.controller:50 - [5%] 기준문서 로드: 1.hwp
2026-03-25 13:52:42 [INFO    ] hwp_diff.core.controller:89 - Loading C:/Users/HS1/Desktop/diff data/1.hwp as hwp
2026-03-25 13:52:42 [INFO    ] hwp_diff.parsers.hwp:31 - Parsing HWP: C:/Users/HS1/Desktop/diff data/1.hwp
2026-03-25 13:52:49 [WARNING ] hwp_diff.parsers.hwp:89 - win32com HWP conversion failed: (-2147352562, '매개 변수의 개수가 잘못되었습니다.', None, None)
2026-03-25 13:52:49 [DEBUG   ] hwp_diff.parsers.hwp:116 - pyhwp not available
2026-03-25 13:52:49 [INFO    ] hwp_diff.parsers.hwp:149 - Using binary fallback for HWP: C:\Users\HS1\Desktop\diff data\1.hwp
2026-03-25 13:52:49 [INFO    ] hwp_diff.parsers.txt:89 - Parsing TXT: C:\Users\HS1\AppData\Local\Temp\tmpvekk7zi2.txt
2026-03-25 13:52:49 [INFO    ] hwp_diff.parsers.txt:212 - TXT parsed: 229 blocks
2026-03-25 13:52:49 [DEBUG   ] hwp_diff.normalizers:44 - Normalizing document: 1_4cf117fe (229 blocks)
2026-03-25 13:52:49 [DEBUG   ] hwp_diff.normalizers:75 - Normalization complete: 229 blocks
2026-03-25 13:52:49 [INFO    ] hwp_diff.core.controller:50 - [20%] 비교문서 로드: 2.hwp
2026-03-25 13:52:49 [INFO    ] hwp_diff.core.controller:89 - Loading C:/Users/HS1/Desktop/diff data/2.hwp as hwp
2026-03-25 13:52:49 [INFO    ] hwp_diff.parsers.hwp:31 - Parsing HWP: C:/Users/HS1/Desktop/diff data/2.hwp
2026-03-25 13:52:52 [WARNING ] hwp_diff.parsers.hwp:89 - win32com HWP conversion failed: (-2147352562, '매개 변수의 개수가 잘못되었습니다.', None, None)
2026-03-25 13:52:52 [DEBUG   ] hwp_diff.parsers.hwp:116 - pyhwp not available
2026-03-25 13:52:52 [INFO    ] hwp_diff.parsers.hwp:149 - Using binary fallback for HWP: C:\Users\HS1\Desktop\diff data\2.hwp
2026-03-25 13:52:52 [INFO    ] hwp_diff.parsers.txt:89 - Parsing TXT: C:\Users\HS1\AppData\Local\Temp\tmpuyc5guxn.txt
2026-03-25 13:52:52 [INFO    ] hwp_diff.parsers.txt:212 - TXT parsed: 245 blocks
2026-03-25 13:52:52 [DEBUG   ] hwp_diff.normalizers:44 - Normalizing document: 2_427f17ab (245 blocks)
2026-03-25 13:52:52 [DEBUG   ] hwp_diff.normalizers:75 - Normalization complete: 245 blocks
2026-03-25 13:52:52 [INFO    ] hwp_diff.core.controller:50 - [30%] 비교 시작...
2026-03-25 13:52:52 [INFO    ] hwp_diff.core.controller:50 - [0%] 비교 시작...
2026-03-25 13:52:52 [INFO    ] hwp_diff.core.controller:50 - [5%] 텍스트 블록 분리 중...
2026-03-25 13:52:52 [DEBUG   ] hwp_diff.diff_engine:55 - [5%] 텍스트 블록 분리 중...
2026-03-25 13:52:52 [INFO    ] hwp_diff.diff_engine:100 - Comparing: old=229 text + 0 tables, new=245 text + 0 tables
2026-03-25 13:52:52 [INFO    ] hwp_diff.core.controller:50 - [15%] 문단 매칭 중...
2026-03-25 13:52:52 [DEBUG   ] hwp_diff.diff_engine:55 - [15%] 문단 매칭 중...
2026-03-25 13:52:52 [DEBUG   ] hwp_diff.diff_engine.paragraph_matcher:43 - Matching 229 old blocks against 245 new blocks (threshold=0.60)
2026-03-25 13:52:56 [DEBUG   ] hwp_diff.diff_engine.paragraph_matcher:101 - Matched 5 block pairs
2026-03-25 13:52:56 [INFO    ] hwp_diff.core.controller:50 - [35%] 변경 사항 분석 중...
2026-03-25 13:52:56 [DEBUG   ] hwp_diff.diff_engine:55 - [35%] 변경 사항 분석 중...
2026-03-25 13:52:56 [DEBUG   ] hwp_diff.diff_engine.paragraph_matcher:244 - Detected 0 moved blocks
2026-03-25 13:52:56 [INFO    ] hwp_diff.core.controller:50 - [55%] 삭제된 내용 처리 중...
2026-03-25 13:52:56 [DEBUG   ] hwp_diff.diff_engine:55 - [55%] 삭제된 내용 처리 중...
2026-03-25 13:52:56 [INFO    ] hwp_diff.core.controller:50 - [65%] 추가된 내용 처리 중...
2026-03-25 13:52:56 [DEBUG   ] hwp_diff.diff_engine:55 - [65%] 추가된 내용 처리 중...
2026-03-25 13:52:56 [INFO    ] hwp_diff.core.controller:50 - [75%] 표 비교 중...
2026-03-25 13:52:56 [DEBUG   ] hwp_diff.diff_engine:55 - [75%] 표 비교 중...
2026-03-25 13:52:56 [INFO    ] hwp_diff.core.controller:50 - [90%] 통계 계산 중...
2026-03-25 13:52:56 [DEBUG   ] hwp_diff.diff_engine:55 - [90%] 통계 계산 중...
2026-03-25 13:52:56 [INFO    ] hwp_diff.core.controller:50 - [100%] 비교 완료
2026-03-25 13:52:56 [DEBUG   ] hwp_diff.diff_engine:55 - [100%] 비교 완료
2026-03-25 13:52:56 [INFO    ] hwp_diff.diff_engine:208 - Compare complete: 466 changes (add=240, del=224, mod=2, move=0, fmt=0, tbl=0)
2026-03-25 13:52:56 [INFO    ] hwp_diff.core.controller:50 - [100%] 비교 완료: 총 466건 변경
2026-03-25 13:52:56 [INFO    ] hwp_diff.ui.main_window:327 - Compare UI update complete: 466 changes
2026-03-25 13:54:28 [INFO    ] hwp_diff:56 - Logger initialized. Log file: D:\git_akadora_cc\ai_dev_xia\hwp_diff\logs\hwp_diff.log
2026-03-25 13:54:42 [INFO    ] hwp_diff.core.controller:50 - [5%] 기준문서 로드: 1.hwp
2026-03-25 13:54:42 [INFO    ] hwp_diff.core.controller:89 - Loading C:/Users/HS1/Desktop/diff data/1.hwp as hwp
2026-03-25 13:54:42 [INFO    ] hwp_diff.parsers.hwp:39 - Parsing HWP: C:/Users/HS1/Desktop/diff data/1.hwp
2026-03-25 13:54:45 [INFO    ] hwp_diff.parsers.hwpx:60 - Parsing HWPX: C:\Users\HS1\AppData\Local\Temp\tmpg4ph6ymt.hwpx
2026-03-25 13:54:45 [ERROR   ] hwp_diff.parsers.hwpx:118 - Not a valid zip/HWPX file: C:\Users\HS1\AppData\Local\Temp\tmpg4ph6ymt.hwpx
2026-03-25 13:54:45 [INFO    ] hwp_diff.parsers.hwp:106 - win32com HWP 변환 성공: 0 blocks
2026-03-25 13:54:45 [DEBUG   ] hwp_diff.parsers.hwp:140 - olefile 없음 (pip install olefile)
2026-03-25 13:54:45 [DEBUG   ] hwp_diff.parsers.hwp:334 - hwp5txt 명령어 없음
2026-03-25 13:54:45 [INFO    ] hwp_diff.parsers.hwp:349 - zlib 스캔 폴백 사용: C:\Users\HS1\Desktop\diff data\1.hwp
2026-03-25 13:54:46 [DEBUG   ] hwp_diff.normalizers:44 - Normalizing document: 1_33b1dd7b (0 blocks)
2026-03-25 13:54:46 [DEBUG   ] hwp_diff.normalizers:75 - Normalization complete: 0 blocks
2026-03-25 13:54:46 [INFO    ] hwp_diff.core.controller:50 - [20%] 비교문서 로드: 2.hwp
2026-03-25 13:54:46 [INFO    ] hwp_diff.core.controller:89 - Loading C:/Users/HS1/Desktop/diff data/2.hwp as hwp
2026-03-25 13:54:46 [INFO    ] hwp_diff.parsers.hwp:39 - Parsing HWP: C:/Users/HS1/Desktop/diff data/2.hwp
2026-03-25 13:54:52 [INFO    ] hwp_diff.parsers.hwpx:60 - Parsing HWPX: C:\Users\HS1\AppData\Local\Temp\tmp2nxyyq77.hwpx
2026-03-25 13:54:52 [ERROR   ] hwp_diff.parsers.hwpx:118 - Not a valid zip/HWPX file: C:\Users\HS1\AppData\Local\Temp\tmp2nxyyq77.hwpx
2026-03-25 13:54:52 [INFO    ] hwp_diff.parsers.hwp:106 - win32com HWP 변환 성공: 0 blocks
2026-03-25 13:54:52 [DEBUG   ] hwp_diff.parsers.hwp:140 - olefile 없음 (pip install olefile)
2026-03-25 13:54:52 [DEBUG   ] hwp_diff.parsers.hwp:334 - hwp5txt 명령어 없음
2026-03-25 13:54:52 [INFO    ] hwp_diff.parsers.hwp:349 - zlib 스캔 폴백 사용: C:\Users\HS1\Desktop\diff data\2.hwp
2026-03-25 13:54:52 [DEBUG   ] hwp_diff.normalizers:44 - Normalizing document: 2_8ce5b0f7 (0 blocks)
2026-03-25 13:54:52 [DEBUG   ] hwp_diff.normalizers:75 - Normalization complete: 0 blocks
2026-03-25 13:54:52 [INFO    ] hwp_diff.core.controller:50 - [30%] 비교 시작...
2026-03-25 13:54:52 [INFO    ] hwp_diff.core.controller:50 - [0%] 비교 시작...
2026-03-25 13:54:52 [INFO    ] hwp_diff.core.controller:50 - [5%] 텍스트 블록 분리 중...
2026-03-25 13:54:52 [DEBUG   ] hwp_diff.diff_engine:55 - [5%] 텍스트 블록 분리 중...
2026-03-25 13:54:52 [INFO    ] hwp_diff.diff_engine:100 - Comparing: old=0 text + 0 tables, new=0 text + 0 tables
2026-03-25 13:54:52 [INFO    ] hwp_diff.core.controller:50 - [15%] 문단 매칭 중...
2026-03-25 13:54:52 [DEBUG   ] hwp_diff.diff_engine:55 - [15%] 문단 매칭 중...
2026-03-25 13:54:52 [INFO    ] hwp_diff.core.controller:50 - [35%] 변경 사항 분석 중...
2026-03-25 13:54:52 [DEBUG   ] hwp_diff.diff_engine:55 - [35%] 변경 사항 분석 중...
2026-03-25 13:54:52 [INFO    ] hwp_diff.core.controller:50 - [55%] 삭제된 내용 처리 중...
2026-03-25 13:54:52 [DEBUG   ] hwp_diff.diff_engine:55 - [55%] 삭제된 내용 처리 중...
2026-03-25 13:54:52 [INFO    ] hwp_diff.core.controller:50 - [65%] 추가된 내용 처리 중...
2026-03-25 13:54:52 [DEBUG   ] hwp_diff.diff_engine:55 - [65%] 추가된 내용 처리 중...
2026-03-25 13:54:52 [INFO    ] hwp_diff.core.controller:50 - [75%] 표 비교 중...
2026-03-25 13:54:52 [DEBUG   ] hwp_diff.diff_engine:55 - [75%] 표 비교 중...
2026-03-25 13:54:52 [INFO    ] hwp_diff.core.controller:50 - [90%] 통계 계산 중...
2026-03-25 13:54:52 [DEBUG   ] hwp_diff.diff_engine:55 - [90%] 통계 계산 중...
2026-03-25 13:54:52 [INFO    ] hwp_diff.core.controller:50 - [100%] 비교 완료
2026-03-25 13:54:52 [DEBUG   ] hwp_diff.diff_engine:55 - [100%] 비교 완료
2026-03-25 13:54:52 [INFO    ] hwp_diff.diff_engine:208 - Compare complete: 0 changes (add=0, del=0, mod=0, move=0, fmt=0, tbl=0)
2026-03-25 13:54:52 [INFO    ] hwp_diff.core.controller:50 - [100%] 비교 완료: 총 0건 변경
2026-03-25 13:54:52 [INFO    ] hwp_diff.ui.main_window:328 - Compare UI update complete: 0 changes
2026-03-25 13:59:59 [INFO    ] hwp_diff:56 - Logger initialized. Log file: D:\git_akadora_cc\ai_dev_xia\hwp_diff\logs\hwp_diff.log
2026-03-25 14:00:14 [INFO    ] hwp_diff.core.controller:50 - [5%] 기준문서 로드: 1.hwp
2026-03-25 14:00:14 [INFO    ] hwp_diff.core.controller:89 - Loading C:/Users/HS1/Desktop/diff data/1.hwp as hwp
2026-03-25 14:00:14 [INFO    ] hwp_diff.parsers.hwp:43 - Parsing HWP: C:/Users/HS1/Desktop/diff data/1.hwp
2026-03-25 14:00:22 [INFO    ] hwp_diff.parsers.txt:89 - Parsing TXT: C:\Users\HS1\AppData\Local\Temp\tmpvlw6inp3.txt
2026-03-25 14:00:22 [INFO    ] hwp_diff.parsers.txt:212 - TXT parsed: 39 blocks
2026-03-25 14:00:22 [INFO    ] hwp_diff.parsers.hwp:105 - win32com TXT 변환 성공: 39 blocks
2026-03-25 14:00:24 [DEBUG   ] hwp_diff.normalizers:44 - Normalizing document: 1_5089f166 (39 blocks)
2026-03-25 14:00:24 [DEBUG   ] hwp_diff.normalizers:75 - Normalization complete: 39 blocks
2026-03-25 14:00:24 [INFO    ] hwp_diff.core.controller:50 - [20%] 비교문서 로드: 2.hwp
2026-03-25 14:00:24 [INFO    ] hwp_diff.core.controller:89 - Loading C:/Users/HS1/Desktop/diff data/2.hwp as hwp
2026-03-25 14:00:24 [INFO    ] hwp_diff.parsers.hwp:43 - Parsing HWP: C:/Users/HS1/Desktop/diff data/2.hwp
2026-03-25 14:00:26 [INFO    ] hwp_diff.parsers.txt:89 - Parsing TXT: C:\Users\HS1\AppData\Local\Temp\tmpapx3w5q8.txt
2026-03-25 14:00:26 [INFO    ] hwp_diff.parsers.txt:212 - TXT parsed: 34 blocks
2026-03-25 14:00:26 [INFO    ] hwp_diff.parsers.hwp:105 - win32com TXT 변환 성공: 34 blocks
2026-03-25 14:00:29 [DEBUG   ] hwp_diff.normalizers:44 - Normalizing document: 2_6ebb2d02 (34 blocks)
2026-03-25 14:00:29 [DEBUG   ] hwp_diff.normalizers:75 - Normalization complete: 34 blocks
2026-03-25 14:00:29 [INFO    ] hwp_diff.core.controller:50 - [30%] 비교 시작...
2026-03-25 14:00:29 [INFO    ] hwp_diff.core.controller:50 - [0%] 비교 시작...
2026-03-25 14:00:29 [INFO    ] hwp_diff.core.controller:50 - [5%] 텍스트 블록 분리 중...
2026-03-25 14:00:29 [DEBUG   ] hwp_diff.diff_engine:55 - [5%] 텍스트 블록 분리 중...
2026-03-25 14:00:29 [INFO    ] hwp_diff.diff_engine:100 - Comparing: old=39 text + 0 tables, new=34 text + 0 tables
2026-03-25 14:00:29 [INFO    ] hwp_diff.core.controller:50 - [15%] 문단 매칭 중...
2026-03-25 14:00:29 [DEBUG   ] hwp_diff.diff_engine:55 - [15%] 문단 매칭 중...
2026-03-25 14:00:29 [DEBUG   ] hwp_diff.diff_engine.paragraph_matcher:43 - Matching 39 old blocks against 34 new blocks (threshold=0.60)
2026-03-25 14:00:31 [DEBUG   ] hwp_diff.diff_engine.paragraph_matcher:101 - Matched 13 block pairs
2026-03-25 14:00:31 [INFO    ] hwp_diff.core.controller:50 - [35%] 변경 사항 분석 중...
2026-03-25 14:00:31 [DEBUG   ] hwp_diff.diff_engine:55 - [35%] 변경 사항 분석 중...
2026-03-25 14:00:31 [DEBUG   ] hwp_diff.diff_engine.paragraph_matcher:244 - Detected 0 moved blocks
2026-03-25 14:00:31 [INFO    ] hwp_diff.core.controller:50 - [55%] 삭제된 내용 처리 중...
2026-03-25 14:00:31 [DEBUG   ] hwp_diff.diff_engine:55 - [55%] 삭제된 내용 처리 중...
2026-03-25 14:00:31 [INFO    ] hwp_diff.core.controller:50 - [65%] 추가된 내용 처리 중...
2026-03-25 14:00:31 [DEBUG   ] hwp_diff.diff_engine:55 - [65%] 추가된 내용 처리 중...
2026-03-25 14:00:31 [INFO    ] hwp_diff.core.controller:50 - [75%] 표 비교 중...
2026-03-25 14:00:31 [DEBUG   ] hwp_diff.diff_engine:55 - [75%] 표 비교 중...
2026-03-25 14:00:31 [INFO    ] hwp_diff.core.controller:50 - [90%] 통계 계산 중...
2026-03-25 14:00:31 [DEBUG   ] hwp_diff.diff_engine:55 - [90%] 통계 계산 중...
2026-03-25 14:00:31 [INFO    ] hwp_diff.core.controller:50 - [100%] 비교 완료
2026-03-25 14:00:31 [DEBUG   ] hwp_diff.diff_engine:55 - [100%] 비교 완료
2026-03-25 14:00:31 [INFO    ] hwp_diff.diff_engine:208 - Compare complete: 52 changes (add=21, del=26, mod=5, move=0, fmt=0, tbl=0)
2026-03-25 14:00:31 [INFO    ] hwp_diff.core.controller:50 - [100%] 비교 완료: 총 52건 변경
2026-03-25 14:00:31 [INFO    ] hwp_diff.ui.main_window:328 - Compare UI update complete: 52 changes
2026-03-25 14:00:54 [INFO    ] hwp_diff.exporters.excel:103 - Excel exported: C:/Users/HS1/Desktop/diff data/비교결과_1_vs_2.xlsx
2026-03-25 14:00:54 [INFO    ] hwp_diff.core.controller:224 - Excel export success: C:/Users/HS1/Desktop/diff data/비교결과_1_vs_2.xlsx
2026-03-25 14:05:47 [INFO    ] hwp_diff:56 - Logger initialized. Log file: D:\git_akadora_cc\ai_dev_xia\hwp_diff\logs\hwp_diff.log
2026-03-25 14:06:13 [INFO    ] hwp_diff.core.controller:50 - [5%] 기준문서 로드: 1.hwp
2026-03-25 14:06:13 [INFO    ] hwp_diff.core.controller:89 - Loading C:/Users/HS1/Desktop/diff data/1.hwp as hwp
2026-03-25 14:06:13 [INFO    ] hwp_diff.parsers.hwp:43 - Parsing HWP: C:/Users/HS1/Desktop/diff data/1.hwp
2026-03-25 14:06:14 [DEBUG   ] hwp_diff.parsers.hwp:117 - 보안 모듈 등록 성공: FilePathCheckerModule
2026-03-25 14:06:29 [INFO    ] hwp_diff.parsers.txt:89 - Parsing TXT: C:\Users\HS1\AppData\Local\Temp\tmpe5ln4rgm.txt
2026-03-25 14:06:29 [INFO    ] hwp_diff.parsers.txt:212 - TXT parsed: 39 blocks
2026-03-25 14:06:29 [INFO    ] hwp_diff.parsers.hwp:140 - win32com TXT 변환 성공: 39 blocks
2026-03-25 14:06:30 [DEBUG   ] hwp_diff.normalizers:44 - Normalizing document: 1_608b3e60 (39 blocks)
2026-03-25 14:06:30 [DEBUG   ] hwp_diff.normalizers:75 - Normalization complete: 39 blocks
2026-03-25 14:06:30 [INFO    ] hwp_diff.core.controller:50 - [20%] 비교문서 로드: 2.hwp
2026-03-25 14:06:30 [INFO    ] hwp_diff.core.controller:89 - Loading C:/Users/HS1/Desktop/diff data/2.hwp as hwp
2026-03-25 14:06:30 [INFO    ] hwp_diff.parsers.hwp:43 - Parsing HWP: C:/Users/HS1/Desktop/diff data/2.hwp
2026-03-25 14:06:31 [DEBUG   ] hwp_diff.parsers.hwp:117 - 보안 모듈 등록 성공: FilePathCheckerModule
2026-03-25 14:06:32 [INFO    ] hwp_diff.parsers.txt:89 - Parsing TXT: C:\Users\HS1\AppData\Local\Temp\tmpmkeh4sus.txt
2026-03-25 14:06:32 [INFO    ] hwp_diff.parsers.txt:212 - TXT parsed: 34 blocks
2026-03-25 14:06:32 [INFO    ] hwp_diff.parsers.hwp:140 - win32com TXT 변환 성공: 34 blocks
2026-03-25 14:06:32 [DEBUG   ] hwp_diff.normalizers:44 - Normalizing document: 2_65af3a03 (34 blocks)
2026-03-25 14:06:32 [DEBUG   ] hwp_diff.normalizers:75 - Normalization complete: 34 blocks
2026-03-25 14:06:32 [INFO    ] hwp_diff.core.controller:50 - [30%] 비교 시작...
2026-03-25 14:06:32 [INFO    ] hwp_diff.core.controller:50 - [0%] 비교 시작...
2026-03-25 14:06:32 [INFO    ] hwp_diff.core.controller:50 - [5%] 텍스트 블록 분리 중...
2026-03-25 14:06:32 [DEBUG   ] hwp_diff.diff_engine:55 - [5%] 텍스트 블록 분리 중...
2026-03-25 14:06:32 [INFO    ] hwp_diff.diff_engine:100 - Comparing: old=39 text + 0 tables, new=34 text + 0 tables
2026-03-25 14:06:32 [INFO    ] hwp_diff.core.controller:50 - [15%] 문단 매칭 중...
2026-03-25 14:06:32 [DEBUG   ] hwp_diff.diff_engine:55 - [15%] 문단 매칭 중...
2026-03-25 14:06:32 [DEBUG   ] hwp_diff.diff_engine.paragraph_matcher:43 - Matching 39 old blocks against 34 new blocks (threshold=0.60)
2026-03-25 14:06:34 [DEBUG   ] hwp_diff.diff_engine.paragraph_matcher:101 - Matched 13 block pairs
2026-03-25 14:06:34 [INFO    ] hwp_diff.core.controller:50 - [35%] 변경 사항 분석 중...
2026-03-25 14:06:34 [DEBUG   ] hwp_diff.diff_engine:55 - [35%] 변경 사항 분석 중...
2026-03-25 14:06:34 [DEBUG   ] hwp_diff.diff_engine.paragraph_matcher:244 - Detected 0 moved blocks
2026-03-25 14:06:34 [INFO    ] hwp_diff.core.controller:50 - [55%] 삭제된 내용 처리 중...
2026-03-25 14:06:34 [DEBUG   ] hwp_diff.diff_engine:55 - [55%] 삭제된 내용 처리 중...
2026-03-25 14:06:34 [INFO    ] hwp_diff.core.controller:50 - [65%] 추가된 내용 처리 중...
2026-03-25 14:06:34 [DEBUG   ] hwp_diff.diff_engine:55 - [65%] 추가된 내용 처리 중...
2026-03-25 14:06:34 [INFO    ] hwp_diff.core.controller:50 - [75%] 표 비교 중...
2026-03-25 14:06:34 [DEBUG   ] hwp_diff.diff_engine:55 - [75%] 표 비교 중...
2026-03-25 14:06:34 [INFO    ] hwp_diff.core.controller:50 - [90%] 통계 계산 중...
2026-03-25 14:06:34 [DEBUG   ] hwp_diff.diff_engine:55 - [90%] 통계 계산 중...
2026-03-25 14:06:34 [INFO    ] hwp_diff.core.controller:50 - [100%] 비교 완료
2026-03-25 14:06:34 [DEBUG   ] hwp_diff.diff_engine:55 - [100%] 비교 완료
2026-03-25 14:06:34 [INFO    ] hwp_diff.diff_engine:208 - Compare complete: 52 changes (add=21, del=26, mod=5, move=0, fmt=0, tbl=0)
2026-03-25 14:06:34 [INFO    ] hwp_diff.core.controller:50 - [100%] 비교 완료: 총 52건 변경
2026-03-25 14:06:34 [INFO    ] hwp_diff.ui.main_window:328 - Compare UI update complete: 52 changes
2026-03-25 14:07:30 [INFO    ] hwp_diff:56 - Logger initialized. Log file: D:\git_akadora_cc\ai_dev_xia\hwp_diff\logs\hwp_diff.log
2026-03-25 14:07:52 [INFO    ] hwp_diff:56 - Logger initialized. Log file: D:\git_akadora_cc\ai_dev_xia\hwp_diff\logs\hwp_diff.log
2026-03-25 14:08:19 [INFO    ] hwp_diff.core.controller:50 - [5%] 기준문서 로드: 1.hwp
2026-03-25 14:08:19 [INFO    ] hwp_diff.core.controller:89 - Loading C:/Users/HS1/Desktop/diff data/1.hwp as hwp
2026-03-25 14:08:19 [INFO    ] hwp_diff.parsers.hwp:43 - Parsing HWP: C:/Users/HS1/Desktop/diff data/1.hwp
2026-03-25 14:08:20 [DEBUG   ] hwp_diff.parsers.hwp:117 - 보안 모듈 등록 성공: FilePathCheckerModule
2026-03-25 14:22:59 [INFO    ] hwp_diff:56 - Logger initialized. Log file: D:\git_akadora_cc\ai_dev_xia\hwp_diff\logs\hwp_diff.log
2026-03-25 14:23:16 [INFO    ] hwp_diff.core.controller:50 - [5%] 기준문서 로드: 1.hwp
2026-03-25 14:23:16 [INFO    ] hwp_diff.core.controller:89 - Loading C:/Users/HS1/Desktop/diff data/1.hwp as hwp
2026-03-25 14:23:16 [INFO    ] hwp_diff.parsers.hwp:43 - Parsing HWP: C:/Users/HS1/Desktop/diff data/1.hwp
2026-03-25 14:23:16 [DEBUG   ] hwp_diff.parsers.hwp:271 - 내장 CFB: 압축=True, 섹션=1개
2026-03-25 14:23:16 [DEBUG   ] hwp_diff.parsers.hwp:307 - olefile 미설치 (pip install olefile 권장)
2026-03-25 14:23:17 [DEBUG   ] hwp_diff.parsers.hwp:119 - 보안 모듈 등록 성공: FilePathCheckerModule
2026-03-25 14:23:21 [INFO    ] hwp_diff.parsers.txt:89 - Parsing TXT: C:\Users\HS1\AppData\Local\Temp\tmptec_29nh.txt
2026-03-25 14:23:21 [INFO    ] hwp_diff.parsers.txt:212 - TXT parsed: 39 blocks
2026-03-25 14:23:21 [INFO    ] hwp_diff.parsers.hwp:142 - win32com TXT 변환 성공: 39 blocks
2026-03-25 14:23:21 [DEBUG   ] hwp_diff.normalizers:44 - Normalizing document: 1_04f657f2 (39 blocks)
2026-03-25 14:23:21 [DEBUG   ] hwp_diff.normalizers:75 - Normalization complete: 39 blocks
2026-03-25 14:23:21 [INFO    ] hwp_diff.core.controller:50 - [20%] 비교문서 로드: 2.hwp
2026-03-25 14:23:21 [INFO    ] hwp_diff.core.controller:89 - Loading C:/Users/HS1/Desktop/diff data/2.hwp as hwp
2026-03-25 14:23:22 [INFO    ] hwp_diff.parsers.hwp:43 - Parsing HWP: C:/Users/HS1/Desktop/diff data/2.hwp
2026-03-25 14:23:22 [DEBUG   ] hwp_diff.parsers.hwp:271 - 내장 CFB: 압축=True, 섹션=1개
2026-03-25 14:23:22 [DEBUG   ] hwp_diff.parsers.hwp:307 - olefile 미설치 (pip install olefile 권장)
2026-03-25 14:23:22 [DEBUG   ] hwp_diff.parsers.hwp:119 - 보안 모듈 등록 성공: FilePathCheckerModule
2026-03-25 14:23:23 [INFO    ] hwp_diff.parsers.txt:89 - Parsing TXT: C:\Users\HS1\AppData\Local\Temp\tmpihv8mjt6.txt
2026-03-25 14:23:23 [INFO    ] hwp_diff.parsers.txt:212 - TXT parsed: 34 blocks
2026-03-25 14:23:23 [INFO    ] hwp_diff.parsers.hwp:142 - win32com TXT 변환 성공: 34 blocks
2026-03-25 14:23:23 [DEBUG   ] hwp_diff.normalizers:44 - Normalizing document: 2_09cecd77 (34 blocks)
2026-03-25 14:23:23 [DEBUG   ] hwp_diff.normalizers:75 - Normalization complete: 34 blocks
2026-03-25 14:23:23 [INFO    ] hwp_diff.core.controller:50 - [30%] 비교 시작...
2026-03-25 14:23:23 [INFO    ] hwp_diff.core.controller:50 - [0%] 비교 시작...
2026-03-25 14:23:23 [INFO    ] hwp_diff.core.controller:50 - [5%] 텍스트 블록 분리 중...
2026-03-25 14:23:23 [DEBUG   ] hwp_diff.diff_engine:55 - [5%] 텍스트 블록 분리 중...
2026-03-25 14:23:23 [INFO    ] hwp_diff.diff_engine:100 - Comparing: old=39 text + 0 tables, new=34 text + 0 tables
2026-03-25 14:23:23 [INFO    ] hwp_diff.core.controller:50 - [15%] 문단 매칭 중...
2026-03-25 14:23:23 [DEBUG   ] hwp_diff.diff_engine:55 - [15%] 문단 매칭 중...
2026-03-25 14:23:23 [DEBUG   ] hwp_diff.diff_engine.paragraph_matcher:43 - Matching 39 old blocks against 34 new blocks (threshold=0.60)
2026-03-25 14:23:25 [DEBUG   ] hwp_diff.diff_engine.paragraph_matcher:101 - Matched 13 block pairs
2026-03-25 14:23:25 [INFO    ] hwp_diff.core.controller:50 - [35%] 변경 사항 분석 중...
2026-03-25 14:23:25 [DEBUG   ] hwp_diff.diff_engine:55 - [35%] 변경 사항 분석 중...
2026-03-25 14:23:25 [DEBUG   ] hwp_diff.diff_engine.paragraph_matcher:244 - Detected 0 moved blocks
2026-03-25 14:23:25 [INFO    ] hwp_diff.core.controller:50 - [55%] 삭제된 내용 처리 중...
2026-03-25 14:23:25 [DEBUG   ] hwp_diff.diff_engine:55 - [55%] 삭제된 내용 처리 중...
2026-03-25 14:23:25 [INFO    ] hwp_diff.core.controller:50 - [65%] 추가된 내용 처리 중...
2026-03-25 14:23:25 [DEBUG   ] hwp_diff.diff_engine:55 - [65%] 추가된 내용 처리 중...
2026-03-25 14:23:25 [INFO    ] hwp_diff.core.controller:50 - [75%] 표 비교 중...
2026-03-25 14:23:25 [DEBUG   ] hwp_diff.diff_engine:55 - [75%] 표 비교 중...
2026-03-25 14:23:25 [INFO    ] hwp_diff.core.controller:50 - [90%] 통계 계산 중...
2026-03-25 14:23:25 [DEBUG   ] hwp_diff.diff_engine:55 - [90%] 통계 계산 중...
2026-03-25 14:23:25 [INFO    ] hwp_diff.core.controller:50 - [100%] 비교 완료
2026-03-25 14:23:25 [DEBUG   ] hwp_diff.diff_engine:55 - [100%] 비교 완료
2026-03-25 14:23:25 [INFO    ] hwp_diff.diff_engine:208 - Compare complete: 52 changes (add=21, del=26, mod=5, move=0, fmt=0, tbl=0)
2026-03-25 14:23:25 [INFO    ] hwp_diff.core.controller:50 - [100%] 비교 완료: 총 52건 변경
2026-03-25 14:23:25 [INFO    ] hwp_diff.ui.main_window:335 - Compare UI update complete: 52 changes
2026-03-25 14:23:45 [INFO    ] hwp_diff.exporters.excel:103 - Excel exported: C:/Users/HS1/Desktop/diff data/비교결과_1_vs_2.xlsx
2026-03-25 14:23:45 [INFO    ] hwp_diff.core.controller:224 - Excel export success: C:/Users/HS1/Desktop/diff data/비교결과_1_vs_2.xlsx
2026-03-25 14:28:43 [INFO    ] hwp_diff:56 - Logger initialized. Log file: D:\git_akadora_cc\ai_dev_xia\hwp_diff\logs\hwp_diff.log
2026-03-25 14:28:58 [INFO    ] hwp_diff.core.controller:50 - [5%] 기준문서 로드: 1.hwp
2026-03-25 14:28:58 [INFO    ] hwp_diff.core.controller:89 - Loading C:/Users/HS1/Desktop/diff data/1.hwp as hwp
2026-03-25 14:28:58 [INFO    ] hwp_diff.parsers.hwp:43 - Parsing HWP: C:/Users/HS1/Desktop/diff data/1.hwp
2026-03-25 14:28:58 [DEBUG   ] hwp_diff.parsers.hwp:271 - 내장 CFB: 압축=True, 섹션=1개
2026-03-25 14:28:58 [DEBUG   ] hwp_diff.parsers.hwp:307 - olefile 미설치 (pip install olefile 권장)
2026-03-25 14:28:59 [DEBUG   ] hwp_diff.parsers.hwp:119 - 보안 모듈 등록 성공: FilePathCheckerModule
2026-03-25 14:29:03 [INFO    ] hwp_diff.parsers.txt:89 - Parsing TXT: C:\Users\HS1\AppData\Local\Temp\tmpm20g9pcu.txt
2026-03-25 14:29:03 [INFO    ] hwp_diff.parsers.txt:212 - TXT parsed: 39 blocks
2026-03-25 14:29:03 [INFO    ] hwp_diff.parsers.hwp:142 - win32com TXT 변환 성공: 39 blocks
2026-03-25 14:29:03 [DEBUG   ] hwp_diff.normalizers:44 - Normalizing document: 1_f1e90617 (39 blocks)
2026-03-25 14:29:03 [DEBUG   ] hwp_diff.normalizers:75 - Normalization complete: 39 blocks
2026-03-25 14:29:03 [INFO    ] hwp_diff.core.controller:50 - [20%] 비교문서 로드: 2.hwp
2026-03-25 14:29:03 [INFO    ] hwp_diff.core.controller:89 - Loading C:/Users/HS1/Desktop/diff data/2.hwp as hwp
2026-03-25 14:29:03 [INFO    ] hwp_diff.parsers.hwp:43 - Parsing HWP: C:/Users/HS1/Desktop/diff data/2.hwp
2026-03-25 14:29:03 [DEBUG   ] hwp_diff.parsers.hwp:271 - 내장 CFB: 압축=True, 섹션=1개
2026-03-25 14:29:03 [DEBUG   ] hwp_diff.parsers.hwp:307 - olefile 미설치 (pip install olefile 권장)
2026-03-25 14:29:04 [DEBUG   ] hwp_diff.parsers.hwp:119 - 보안 모듈 등록 성공: FilePathCheckerModule
2026-03-25 14:29:05 [INFO    ] hwp_diff.parsers.txt:89 - Parsing TXT: C:\Users\HS1\AppData\Local\Temp\tmpv82wj5rz.txt
2026-03-25 14:29:05 [INFO    ] hwp_diff.parsers.txt:212 - TXT parsed: 34 blocks
2026-03-25 14:29:05 [INFO    ] hwp_diff.parsers.hwp:142 - win32com TXT 변환 성공: 34 blocks
2026-03-25 14:29:05 [DEBUG   ] hwp_diff.normalizers:44 - Normalizing document: 2_58100585 (34 blocks)
2026-03-25 14:29:05 [DEBUG   ] hwp_diff.normalizers:75 - Normalization complete: 34 blocks
2026-03-25 14:29:05 [INFO    ] hwp_diff.core.controller:50 - [30%] 비교 시작...
2026-03-25 14:29:05 [INFO    ] hwp_diff.core.controller:50 - [0%] 비교 시작...
2026-03-25 14:29:05 [INFO    ] hwp_diff.core.controller:50 - [5%] 텍스트 블록 분리 중...
2026-03-25 14:29:05 [DEBUG   ] hwp_diff.diff_engine:55 - [5%] 텍스트 블록 분리 중...
2026-03-25 14:29:05 [INFO    ] hwp_diff.diff_engine:100 - Comparing: old=39 text + 0 tables, new=34 text + 0 tables
2026-03-25 14:29:05 [INFO    ] hwp_diff.core.controller:50 - [15%] 문단 매칭 중...
2026-03-25 14:29:05 [DEBUG   ] hwp_diff.diff_engine:55 - [15%] 문단 매칭 중...
2026-03-25 14:29:05 [DEBUG   ] hwp_diff.diff_engine.paragraph_matcher:43 - Matching 39 old blocks against 34 new blocks (threshold=0.60)
2026-03-25 14:29:07 [DEBUG   ] hwp_diff.diff_engine.paragraph_matcher:101 - Matched 13 block pairs
2026-03-25 14:29:07 [INFO    ] hwp_diff.core.controller:50 - [35%] 변경 사항 분석 중...
2026-03-25 14:29:07 [DEBUG   ] hwp_diff.diff_engine:55 - [35%] 변경 사항 분석 중...
2026-03-25 14:29:07 [DEBUG   ] hwp_diff.diff_engine.paragraph_matcher:244 - Detected 0 moved blocks
2026-03-25 14:29:07 [INFO    ] hwp_diff.core.controller:50 - [55%] 삭제된 내용 처리 중...
2026-03-25 14:29:07 [DEBUG   ] hwp_diff.diff_engine:55 - [55%] 삭제된 내용 처리 중...
2026-03-25 14:29:07 [INFO    ] hwp_diff.core.controller:50 - [65%] 추가된 내용 처리 중...
2026-03-25 14:29:07 [DEBUG   ] hwp_diff.diff_engine:55 - [65%] 추가된 내용 처리 중...
2026-03-25 14:29:07 [INFO    ] hwp_diff.core.controller:50 - [75%] 표 비교 중...
2026-03-25 14:29:07 [DEBUG   ] hwp_diff.diff_engine:55 - [75%] 표 비교 중...
2026-03-25 14:29:07 [INFO    ] hwp_diff.core.controller:50 - [90%] 통계 계산 중...
2026-03-25 14:29:07 [DEBUG   ] hwp_diff.diff_engine:55 - [90%] 통계 계산 중...
2026-03-25 14:29:07 [INFO    ] hwp_diff.core.controller:50 - [100%] 비교 완료
2026-03-25 14:29:07 [DEBUG   ] hwp_diff.diff_engine:55 - [100%] 비교 완료
2026-03-25 14:29:07 [INFO    ] hwp_diff.diff_engine:208 - Compare complete: 52 changes (add=21, del=26, mod=5, move=0, fmt=0, tbl=0)
2026-03-25 14:29:07 [INFO    ] hwp_diff.core.controller:50 - [100%] 비교 완료: 총 52건 변경
2026-03-25 14:29:07 [INFO    ] hwp_diff.ui.main_window:335 - Compare UI update complete: 52 changes
2026-03-25 14:29:20 [ERROR   ] hwp_diff.exporters.excel:128 - Excel export failed: name 'COLOR_ADD' is not defined
Traceback (most recent call last):
  File "D:\git_akadora_cc\ai_dev_xia\hwp_diff\app\exporters\excel_exporter.py", line 116, in export
    self._write_summary_stats(ws_stats, result, old_file_name, new_file_name)
  File "D:\git_akadora_cc\ai_dev_xia\hwp_diff\app\exporters\excel_exporter.py", line 305, in _write_summary_stats
    value_cell.fill = PatternFill("solid", fgColor=COLOR_ADD)
                                                   ^^^^^^^^^
NameError: name 'COLOR_ADD' is not defined
2026-03-25 14:29:20 [ERROR   ] hwp_diff.core.controller:226 - Excel export failed: C:/Users/HS1/Desktop/diff data/비교결과_1_vs_2.xlsx
2026-03-25 14:29:41 [ERROR   ] hwp_diff.exporters.excel:128 - Excel export failed: name 'COLOR_ADD' is not defined
Traceback (most recent call last):
  File "D:\git_akadora_cc\ai_dev_xia\hwp_diff\app\exporters\excel_exporter.py", line 116, in export
    self._write_summary_stats(ws_stats, result, old_file_name, new_file_name)
  File "D:\git_akadora_cc\ai_dev_xia\hwp_diff\app\exporters\excel_exporter.py", line 305, in _write_summary_stats
    value_cell.fill = PatternFill("solid", fgColor=COLOR_ADD)
                                                   ^^^^^^^^^
NameError: name 'COLOR_ADD' is not defined
2026-03-25 14:29:41 [ERROR   ] hwp_diff.core.controller:226 - Excel export failed: C:/Users/HS1/Desktop/diff data/비교결과_1_vs_2.xlsx
2026-03-25 14:36:50 [INFO    ] hwp_diff:56 - Logger initialized. Log file: D:\git_akadora_cc\ai_dev_xia\hwp_diff\logs\hwp_diff.log
2026-03-25 14:41:24 [INFO    ] hwp_diff.core.controller:50 - [5%] 기준문서 로드: 1.hwp
2026-03-25 14:41:24 [INFO    ] hwp_diff.core.controller:89 - Loading D:/git_akadora_cc/ai_dev_xia/hwp_diff/diff data/1.hwp as hwp
2026-03-25 14:41:24 [INFO    ] hwp_diff.parsers.hwp:43 - Parsing HWP: D:/git_akadora_cc/ai_dev_xia/hwp_diff/diff data/1.hwp
2026-03-25 14:41:24 [DEBUG   ] hwp_diff.parsers.hwp:271 - 내장 CFB: 압축=True, 섹션=1개
2026-03-25 14:41:24 [DEBUG   ] hwp_diff.parsers.hwp:307 - olefile 미설치 (pip install olefile 권장)
2026-03-25 14:41:25 [DEBUG   ] hwp_diff.parsers.hwp:119 - 보안 모듈 등록 성공: FilePathCheckerModule
2026-03-25 14:41:27 [INFO    ] hwp_diff.parsers.txt:89 - Parsing TXT: C:\Users\HS1\AppData\Local\Temp\tmp0l6d1a0v.txt
2026-03-25 14:41:27 [INFO    ] hwp_diff.parsers.txt:212 - TXT parsed: 39 blocks
2026-03-25 14:41:27 [INFO    ] hwp_diff.parsers.hwp:142 - win32com TXT 변환 성공: 39 blocks
2026-03-25 14:41:27 [DEBUG   ] hwp_diff.normalizers:44 - Normalizing document: 1_df73d732 (39 blocks)
2026-03-25 14:41:27 [DEBUG   ] hwp_diff.normalizers:75 - Normalization complete: 39 blocks
2026-03-25 14:41:27 [INFO    ] hwp_diff.core.controller:50 - [20%] 비교문서 로드: 2.hwp
2026-03-25 14:41:27 [INFO    ] hwp_diff.core.controller:89 - Loading D:/git_akadora_cc/ai_dev_xia/hwp_diff/diff data/2.hwp as hwp
2026-03-25 14:41:27 [INFO    ] hwp_diff.parsers.hwp:43 - Parsing HWP: D:/git_akadora_cc/ai_dev_xia/hwp_diff/diff data/2.hwp
2026-03-25 14:41:27 [DEBUG   ] hwp_diff.parsers.hwp:271 - 내장 CFB: 압축=True, 섹션=1개
2026-03-25 14:41:27 [DEBUG   ] hwp_diff.parsers.hwp:307 - olefile 미설치 (pip install olefile 권장)
2026-03-25 14:41:28 [DEBUG   ] hwp_diff.parsers.hwp:119 - 보안 모듈 등록 성공: FilePathCheckerModule
2026-03-25 14:41:29 [INFO    ] hwp_diff.parsers.txt:89 - Parsing TXT: C:\Users\HS1\AppData\Local\Temp\tmpqtrs8fxh.txt
2026-03-25 14:41:29 [INFO    ] hwp_diff.parsers.txt:212 - TXT parsed: 34 blocks
2026-03-25 14:41:29 [INFO    ] hwp_diff.parsers.hwp:142 - win32com TXT 변환 성공: 34 blocks
2026-03-25 14:41:29 [DEBUG   ] hwp_diff.normalizers:44 - Normalizing document: 2_ff8d3d77 (34 blocks)
2026-03-25 14:41:29 [DEBUG   ] hwp_diff.normalizers:75 - Normalization complete: 34 blocks
2026-03-25 14:41:29 [INFO    ] hwp_diff.core.controller:50 - [30%] 비교 시작...
2026-03-25 14:41:29 [INFO    ] hwp_diff.core.controller:50 - [0%] 비교 시작...
2026-03-25 14:41:29 [INFO    ] hwp_diff.core.controller:50 - [5%] 텍스트 블록 분리 중...
2026-03-25 14:41:29 [DEBUG   ] hwp_diff.diff_engine:55 - [5%] 텍스트 블록 분리 중...
2026-03-25 14:41:29 [INFO    ] hwp_diff.diff_engine:100 - Comparing: old=39 text + 0 tables, new=34 text + 0 tables
2026-03-25 14:41:29 [INFO    ] hwp_diff.core.controller:50 - [15%] 문단 매칭 중...
2026-03-25 14:41:29 [DEBUG   ] hwp_diff.diff_engine:55 - [15%] 문단 매칭 중...
2026-03-25 14:41:29 [DEBUG   ] hwp_diff.diff_engine.paragraph_matcher:43 - Matching 39 old blocks against 34 new blocks (threshold=0.60)
2026-03-25 14:41:31 [DEBUG   ] hwp_diff.diff_engine.paragraph_matcher:101 - Matched 13 block pairs
2026-03-25 14:41:31 [INFO    ] hwp_diff.core.controller:50 - [35%] 변경 사항 분석 중...
2026-03-25 14:41:31 [DEBUG   ] hwp_diff.diff_engine:55 - [35%] 변경 사항 분석 중...
2026-03-25 14:41:31 [DEBUG   ] hwp_diff.diff_engine.paragraph_matcher:244 - Detected 0 moved blocks
2026-03-25 14:41:31 [INFO    ] hwp_diff.core.controller:50 - [55%] 삭제된 내용 처리 중...
2026-03-25 14:41:31 [DEBUG   ] hwp_diff.diff_engine:55 - [55%] 삭제된 내용 처리 중...
2026-03-25 14:41:31 [INFO    ] hwp_diff.core.controller:50 - [65%] 추가된 내용 처리 중...
2026-03-25 14:41:31 [DEBUG   ] hwp_diff.diff_engine:55 - [65%] 추가된 내용 처리 중...
2026-03-25 14:41:31 [INFO    ] hwp_diff.core.controller:50 - [75%] 표 비교 중...
2026-03-25 14:41:31 [DEBUG   ] hwp_diff.diff_engine:55 - [75%] 표 비교 중...
2026-03-25 14:41:31 [INFO    ] hwp_diff.core.controller:50 - [90%] 통계 계산 중...
2026-03-25 14:41:31 [DEBUG   ] hwp_diff.diff_engine:55 - [90%] 통계 계산 중...
2026-03-25 14:41:31 [INFO    ] hwp_diff.core.controller:50 - [100%] 비교 완료
2026-03-25 14:41:31 [DEBUG   ] hwp_diff.diff_engine:55 - [100%] 비교 완료
2026-03-25 14:41:31 [INFO    ] hwp_diff.diff_engine:208 - Compare complete: 52 changes (add=21, del=26, mod=5, move=0, fmt=0, tbl=0)
2026-03-25 14:41:31 [INFO    ] hwp_diff.core.controller:50 - [100%] 비교 완료: 총 52건 변경
2026-03-25 14:41:31 [INFO    ] hwp_diff.ui.main_window:341 - Compare UI update complete: 52 changes
2026-03-25 14:43:03 [INFO    ] hwp_diff.exporters.excel:85 - Excel exported: D:/git_akadora_cc/ai_dev_xia/hwp_diff/비교결과_1_vs_2.xlsx
2026-03-25 14:43:03 [INFO    ] hwp_diff.core.controller:224 - Excel export success: D:/git_akadora_cc/ai_dev_xia/hwp_diff/비교결과_1_vs_2.xlsx
2026-03-25 14:58:53 [INFO    ] hwp_diff.exporters.excel:85 - Excel exported: D:/git_akadora_cc/ai_dev_xia/hwp_diff/비교결과_1_vs_2.xlsx
2026-03-25 14:58:53 [INFO    ] hwp_diff.core.controller:224 - Excel export success: D:/git_akadora_cc/ai_dev_xia/hwp_diff/비교결과_1_vs_2.xlsx
2026-03-25 15:17:26 [INFO    ] hwp_diff:56 - Logger initialized. Log file: D:\git_akadora_cc\ai_dev_xia\hwp_diff\logs\hwp_diff.log
2026-03-25 15:19:40 [INFO    ] hwp_diff.core.controller:50 - [5%] 기준문서 로드: 1.hwp
2026-03-25 15:19:40 [INFO    ] hwp_diff.core.controller:89 - Loading C:/Users/HS1/Desktop/diff data/1.hwp as hwp
2026-03-25 15:19:40 [INFO    ] hwp_diff.parsers.hwp:43 - Parsing HWP: C:/Users/HS1/Desktop/diff data/1.hwp
2026-03-25 15:19:40 [DEBUG   ] hwp_diff.parsers.hwp:271 - 내장 CFB: 압축=True, 섹션=1개
2026-03-25 15:19:40 [DEBUG   ] hwp_diff.parsers.hwp:307 - olefile 미설치 (pip install olefile 권장)
2026-03-25 15:19:41 [DEBUG   ] hwp_diff.parsers.hwp:119 - 보안 모듈 등록 성공: FilePathCheckerModule
2026-03-25 15:19:43 [INFO    ] hwp_diff.parsers.txt:89 - Parsing TXT: C:\Users\HS1\AppData\Local\Temp\tmp27i9k9d9.txt
2026-03-25 15:19:43 [INFO    ] hwp_diff.parsers.txt:212 - TXT parsed: 39 blocks
2026-03-25 15:19:43 [INFO    ] hwp_diff.parsers.hwp:142 - win32com TXT 변환 성공: 39 blocks
2026-03-25 15:19:43 [DEBUG   ] hwp_diff.normalizers:44 - Normalizing document: 1_69fbbc10 (39 blocks)
2026-03-25 15:19:43 [DEBUG   ] hwp_diff.normalizers:75 - Normalization complete: 39 blocks
2026-03-25 15:19:43 [INFO    ] hwp_diff.core.controller:50 - [20%] 비교문서 로드: 2.hwp
2026-03-25 15:19:43 [INFO    ] hwp_diff.core.controller:89 - Loading C:/Users/HS1/Desktop/diff data/2.hwp as hwp
2026-03-25 15:19:43 [INFO    ] hwp_diff.parsers.hwp:43 - Parsing HWP: C:/Users/HS1/Desktop/diff data/2.hwp
2026-03-25 15:19:43 [DEBUG   ] hwp_diff.parsers.hwp:271 - 내장 CFB: 압축=True, 섹션=1개
2026-03-25 15:19:43 [DEBUG   ] hwp_diff.parsers.hwp:307 - olefile 미설치 (pip install olefile 권장)
2026-03-25 15:19:44 [DEBUG   ] hwp_diff.parsers.hwp:119 - 보안 모듈 등록 성공: FilePathCheckerModule
2026-03-25 15:19:46 [INFO    ] hwp_diff.parsers.txt:89 - Parsing TXT: C:\Users\HS1\AppData\Local\Temp\tmp1u25lo6m.txt
2026-03-25 15:19:46 [INFO    ] hwp_diff.parsers.txt:212 - TXT parsed: 34 blocks
2026-03-25 15:19:46 [INFO    ] hwp_diff.parsers.hwp:142 - win32com TXT 변환 성공: 34 blocks
2026-03-25 15:19:46 [DEBUG   ] hwp_diff.normalizers:44 - Normalizing document: 2_c89f8bcb (34 blocks)
2026-03-25 15:19:46 [DEBUG   ] hwp_diff.normalizers:75 - Normalization complete: 34 blocks
2026-03-25 15:19:46 [INFO    ] hwp_diff.core.controller:50 - [30%] 비교 시작...
2026-03-25 15:19:46 [INFO    ] hwp_diff.core.controller:50 - [0%] 비교 시작...
2026-03-25 15:19:46 [INFO    ] hwp_diff.core.controller:50 - [5%] 텍스트 블록 분리 중...
2026-03-25 15:19:46 [DEBUG   ] hwp_diff.diff_engine:55 - [5%] 텍스트 블록 분리 중...
2026-03-25 15:19:46 [INFO    ] hwp_diff.diff_engine:100 - Comparing: old=39 text + 0 tables, new=34 text + 0 tables
2026-03-25 15:19:46 [INFO    ] hwp_diff.core.controller:50 - [15%] 문단 매칭 중...
2026-03-25 15:19:46 [DEBUG   ] hwp_diff.diff_engine:55 - [15%] 문단 매칭 중...
2026-03-25 15:19:46 [DEBUG   ] hwp_diff.diff_engine.paragraph_matcher:43 - Matching 39 old blocks against 34 new blocks (threshold=0.60)
2026-03-25 15:19:48 [DEBUG   ] hwp_diff.diff_engine.paragraph_matcher:101 - Matched 13 block pairs
2026-03-25 15:19:48 [INFO    ] hwp_diff.core.controller:50 - [35%] 변경 사항 분석 중...
2026-03-25 15:19:48 [DEBUG   ] hwp_diff.diff_engine:55 - [35%] 변경 사항 분석 중...
2026-03-25 15:19:48 [DEBUG   ] hwp_diff.diff_engine.paragraph_matcher:244 - Detected 0 moved blocks
2026-03-25 15:19:48 [INFO    ] hwp_diff.core.controller:50 - [55%] 삭제된 내용 처리 중...
2026-03-25 15:19:48 [DEBUG   ] hwp_diff.diff_engine:55 - [55%] 삭제된 내용 처리 중...
2026-03-25 15:19:48 [INFO    ] hwp_diff.core.controller:50 - [65%] 추가된 내용 처리 중...
2026-03-25 15:19:48 [DEBUG   ] hwp_diff.diff_engine:55 - [65%] 추가된 내용 처리 중...
2026-03-25 15:19:48 [INFO    ] hwp_diff.core.controller:50 - [75%] 표 비교 중...
2026-03-25 15:19:48 [DEBUG   ] hwp_diff.diff_engine:55 - [75%] 표 비교 중...
2026-03-25 15:19:48 [INFO    ] hwp_diff.core.controller:50 - [90%] 통계 계산 중...
2026-03-25 15:19:48 [DEBUG   ] hwp_diff.diff_engine:55 - [90%] 통계 계산 중...
2026-03-25 15:19:48 [INFO    ] hwp_diff.core.controller:50 - [100%] 비교 완료
2026-03-25 15:19:48 [DEBUG   ] hwp_diff.diff_engine:55 - [100%] 비교 완료
2026-03-25 15:19:48 [INFO    ] hwp_diff.diff_engine:208 - Compare complete: 52 changes (add=21, del=26, mod=5, move=0, fmt=0, tbl=0)
2026-03-25 15:19:48 [INFO    ] hwp_diff.core.controller:50 - [100%] 비교 완료: 총 52건 변경
2026-03-25 15:19:48 [INFO    ] hwp_diff.ui.main_window:341 - Compare UI update complete: 52 changes
2026-03-25 15:19:59 [INFO    ] hwp_diff.exporters.excel:69 - Loaded QAR template: F:\template2.xlsx
2026-03-25 15:19:59 [ERROR   ] hwp_diff.exporters.excel:150 - Excel export failed: '>' not supported between instances of 'str' and 'int'
Traceback (most recent call last):
  File "D:\git_akadora_cc\ai_dev_xia\hwp_diff\app\exporters\excel_exporter.py", line 83, in export
    pages = [c.page_hint for c in result.changes if c.page_hint and c.page_hint > 0]
            ^^^^^^^^^^^^^^^^^^^^^^^^^^^^^^^^^^^^^^^^^^^^^^^^^^^^^^^^^^^^^^^^^^^^^^^^
  File "D:\git_akadora_cc\ai_dev_xia\hwp_diff\app\exporters\excel_exporter.py", line 83, in <listcomp>
    pages = [c.page_hint for c in result.changes if c.page_hint and c.page_hint > 0]
                                                                    ^^^^^^^^^^^^^^^
TypeError: '>' not supported between instances of 'str' and 'int'
2026-03-25 15:19:59 [ERROR   ] hwp_diff.core.controller:248 - Excel export failed: D:/git_akadora_cc/ai_dev_xia/hwp_diff/비교결과_1_vs_2.xlsx
2026-03-25 15:22:01 [INFO    ] hwp_diff:56 - Logger initialized. Log file: D:\git_akadora_cc\ai_dev_xia\hwp_diff\logs\hwp_diff.log
2026-03-25 15:22:30 [INFO    ] hwp_diff.core.controller:50 - [5%] 기준문서 로드: 1.hwp
2026-03-25 15:22:30 [INFO    ] hwp_diff.core.controller:89 - Loading D:/git_akadora_cc/ai_dev_xia/hwp_diff/diff data/1.hwp as hwp
2026-03-25 15:22:30 [INFO    ] hwp_diff.parsers.hwp:43 - Parsing HWP: D:/git_akadora_cc/ai_dev_xia/hwp_diff/diff data/1.hwp
2026-03-25 15:22:30 [DEBUG   ] hwp_diff.parsers.hwp:271 - 내장 CFB: 압축=True, 섹션=1개
2026-03-25 15:22:30 [DEBUG   ] hwp_diff.parsers.hwp:307 - olefile 미설치 (pip install olefile 권장)
2026-03-25 15:22:31 [DEBUG   ] hwp_diff.parsers.hwp:119 - 보안 모듈 등록 성공: FilePathCheckerModule
2026-03-25 15:22:34 [INFO    ] hwp_diff.parsers.txt:89 - Parsing TXT: C:\Users\HS1\AppData\Local\Temp\tmphg587hqj.txt
2026-03-25 15:22:34 [INFO    ] hwp_diff.parsers.txt:212 - TXT parsed: 39 blocks
2026-03-25 15:22:34 [INFO    ] hwp_diff.parsers.hwp:142 - win32com TXT 변환 성공: 39 blocks
2026-03-25 15:22:34 [DEBUG   ] hwp_diff.normalizers:44 - Normalizing document: 1_6c7cc2ad (39 blocks)
2026-03-25 15:22:34 [DEBUG   ] hwp_diff.normalizers:75 - Normalization complete: 39 blocks
2026-03-25 15:22:34 [INFO    ] hwp_diff.core.controller:50 - [20%] 비교문서 로드: 2.hwp
2026-03-25 15:22:34 [INFO    ] hwp_diff.core.controller:89 - Loading D:/git_akadora_cc/ai_dev_xia/hwp_diff/diff data/2.hwp as hwp
2026-03-25 15:22:34 [INFO    ] hwp_diff.parsers.hwp:43 - Parsing HWP: D:/git_akadora_cc/ai_dev_xia/hwp_diff/diff data/2.hwp
2026-03-25 15:22:34 [DEBUG   ] hwp_diff.parsers.hwp:271 - 내장 CFB: 압축=True, 섹션=1개
2026-03-25 15:22:34 [DEBUG   ] hwp_diff.parsers.hwp:307 - olefile 미설치 (pip install olefile 권장)
2026-03-25 15:22:35 [DEBUG   ] hwp_diff.parsers.hwp:119 - 보안 모듈 등록 성공: FilePathCheckerModule
2026-03-25 15:22:36 [INFO    ] hwp_diff.parsers.txt:89 - Parsing TXT: C:\Users\HS1\AppData\Local\Temp\tmpi1xip2ab.txt
2026-03-25 15:22:36 [INFO    ] hwp_diff.parsers.txt:212 - TXT parsed: 34 blocks
2026-03-25 15:22:36 [INFO    ] hwp_diff.parsers.hwp:142 - win32com TXT 변환 성공: 34 blocks
2026-03-25 15:22:36 [DEBUG   ] hwp_diff.normalizers:44 - Normalizing document: 2_091a2481 (34 blocks)
2026-03-25 15:22:36 [DEBUG   ] hwp_diff.normalizers:75 - Normalization complete: 34 blocks
2026-03-25 15:22:36 [INFO    ] hwp_diff.core.controller:50 - [30%] 비교 시작...
2026-03-25 15:22:36 [INFO    ] hwp_diff.core.controller:50 - [0%] 비교 시작...
2026-03-25 15:22:36 [INFO    ] hwp_diff.core.controller:50 - [5%] 텍스트 블록 분리 중...
2026-03-25 15:22:36 [DEBUG   ] hwp_diff.diff_engine:55 - [5%] 텍스트 블록 분리 중...
2026-03-25 15:22:36 [INFO    ] hwp_diff.diff_engine:100 - Comparing: old=39 text + 0 tables, new=34 text + 0 tables
2026-03-25 15:22:36 [INFO    ] hwp_diff.core.controller:50 - [15%] 문단 매칭 중...
2026-03-25 15:22:36 [DEBUG   ] hwp_diff.diff_engine:55 - [15%] 문단 매칭 중...
2026-03-25 15:22:36 [DEBUG   ] hwp_diff.diff_engine.paragraph_matcher:43 - Matching 39 old blocks against 34 new blocks (threshold=0.60)
2026-03-25 15:22:38 [DEBUG   ] hwp_diff.diff_engine.paragraph_matcher:101 - Matched 13 block pairs
2026-03-25 15:22:38 [INFO    ] hwp_diff.core.controller:50 - [35%] 변경 사항 분석 중...
2026-03-25 15:22:38 [DEBUG   ] hwp_diff.diff_engine:55 - [35%] 변경 사항 분석 중...
2026-03-25 15:22:38 [DEBUG   ] hwp_diff.diff_engine.paragraph_matcher:244 - Detected 0 moved blocks
2026-03-25 15:22:38 [INFO    ] hwp_diff.core.controller:50 - [55%] 삭제된 내용 처리 중...
2026-03-25 15:22:38 [DEBUG   ] hwp_diff.diff_engine:55 - [55%] 삭제된 내용 처리 중...
2026-03-25 15:22:38 [INFO    ] hwp_diff.core.controller:50 - [65%] 추가된 내용 처리 중...
2026-03-25 15:22:38 [DEBUG   ] hwp_diff.diff_engine:55 - [65%] 추가된 내용 처리 중...
2026-03-25 15:22:38 [INFO    ] hwp_diff.core.controller:50 - [75%] 표 비교 중...
2026-03-25 15:22:38 [DEBUG   ] hwp_diff.diff_engine:55 - [75%] 표 비교 중...
2026-03-25 15:22:38 [INFO    ] hwp_diff.core.controller:50 - [90%] 통계 계산 중...
2026-03-25 15:22:38 [DEBUG   ] hwp_diff.diff_engine:55 - [90%] 통계 계산 중...
2026-03-25 15:22:38 [INFO    ] hwp_diff.core.controller:50 - [100%] 비교 완료
2026-03-25 15:22:38 [DEBUG   ] hwp_diff.diff_engine:55 - [100%] 비교 완료
2026-03-25 15:22:38 [INFO    ] hwp_diff.diff_engine:208 - Compare complete: 52 changes (add=21, del=26, mod=5, move=0, fmt=0, tbl=0)
2026-03-25 15:22:38 [INFO    ] hwp_diff.core.controller:50 - [100%] 비교 완료: 총 52건 변경
2026-03-25 15:22:38 [INFO    ] hwp_diff.ui.main_window:341 - Compare UI update complete: 52 changes
2026-03-25 15:22:44 [INFO    ] hwp_diff.exporters.excel:70 - Loaded QAR template: F:\template2.xlsx
2026-03-25 15:22:45 [INFO    ] hwp_diff.exporters.excel:150 - Excel exported: D:/git_akadora_cc/ai_dev_xia/hwp_diff/비교결과_1_vs_2.xlsx
2026-03-25 15:22:45 [INFO    ] hwp_diff.core.controller:246 - Excel export success: D:/git_akadora_cc/ai_dev_xia/hwp_diff/비교결과_1_vs_2.xlsx
