2026-03-05 11:51:22,371 [INFO] === stock_widget 시작 ===  로그파일: D:\git_akadora\stock_widget_debug.log
2026-03-05 11:51:26,931 [INFO] _build_map 시작
2026-03-05 11:51:27,308 [WARNING] pykrx delta=0 (20260305): 빈 리스트
2026-03-05 11:51:27,566 [WARNING] pykrx delta=1 (20260304): 빈 리스트
2026-03-05 11:51:27,807 [WARNING] pykrx delta=2 (20260303): 빈 리스트
2026-03-05 11:51:28,043 [WARNING] pykrx delta=3 (20260302): 빈 리스트
2026-03-05 11:51:28,264 [WARNING] pykrx delta=4 (20260301): 빈 리스트
2026-03-05 11:51:28,525 [WARNING] pykrx delta=5 (20260228): 빈 리스트
2026-03-05 11:51:29,027 [WARNING] pykrx delta=6 (20260227): 빈 리스트
2026-03-05 11:51:29,028 [INFO] KRX KIND URL 시도 (kind.krx.co.kr)
2026-03-05 11:51:30,565 [INFO] KIND 컬럼: ['회사명', '시장구분', '종목코드', '업종', '주요제품', '상장일', '결산월', '대표자명', '홈페이지', '지역'], 행수=2766
2026-03-05 11:51:30,704 [INFO] KIND 완료: 2621종목
2026-03-05 11:51:30,705 [INFO] 완료: 2621종목, 삼성전자=('005930', '.KS')
2026-03-05 11:51:30,873 [INFO] fetch_pykrx(064350): price=230500.0, chg=14.108910891089108
2026-03-05 11:51:32,157 [DEBUG] 뉴스(064350): 10건 — 방산 대기업 ‘현대로템’ 전북 상륙… 무주에 항공우주 산업 심장
2026-03-05 11:51:40,814 [INFO] fetch_pykrx(064350): price=230500.0, chg=14.108910891089108
2026-03-05 11:51:41,434 [DEBUG] 뉴스(064350): 10건 — 방산 대기업 ‘현대로템’ 전북 상륙… 무주에 항공우주 산업 심장
2026-03-05 11:51:44,745 [INFO] KR-FinBert-SC 로딩: D:\git_akadora\models\KR-FinBert-SC
2026-03-05 11:51:45,047 [INFO] KR-FinBert-SC 로드 완료
2026-03-05 11:51:50,836 [INFO] fetch_pykrx(064350): price=230500.0, chg=14.108910891089108
2026-03-05 11:51:51,493 [DEBUG] 뉴스(064350): 10건 — 방산 대기업 ‘현대로템’ 전북 상륙… 무주에 항공우주 산업 심장
2026-03-05 11:52:00,836 [INFO] fetch_pykrx(064350): price=230500.0, chg=14.108910891089108
2026-03-05 11:52:01,563 [DEBUG] 뉴스(064350): 10건 — 방산 대기업 ‘현대로템’ 전북 상륙… 무주에 항공우주 산업 심장
2026-03-05 11:52:10,839 [INFO] fetch_pykrx(064350): price=230500.0, chg=14.108910891089108
2026-03-05 11:52:11,551 [DEBUG] 뉴스(064350): 10건 — 방산 대기업 ‘현대로템’ 전북 상륙… 무주에 항공우주 산업 심장
2026-03-05 11:52:20,856 [INFO] fetch_pykrx(064350): price=230500.0, chg=14.108910891089108
2026-03-05 11:52:21,522 [DEBUG] 뉴스(064350): 10건 — 방산 대기업 ‘현대로템’ 전북 상륙… 무주에 항공우주 산업 심장
2026-03-05 11:52:30,860 [INFO] fetch_pykrx(064350): price=229000.0, chg=13.366336633663368
2026-03-05 11:52:31,477 [DEBUG] 뉴스(064350): 10건 — 방산 대기업 ‘현대로템’ 전북 상륙… 무주에 항공우주 산업 심장
2026-03-05 11:52:40,857 [INFO] fetch_pykrx(064350): price=229000.0, chg=13.366336633663368
2026-03-05 11:52:41,515 [DEBUG] 뉴스(064350): 10건 — 방산 대기업 ‘현대로템’ 전북 상륙… 무주에 항공우주 산업 심장
2026-03-05 11:52:50,893 [INFO] fetch_pykrx(064350): price=229000.0, chg=13.366336633663368
2026-03-05 11:52:51,578 [DEBUG] 뉴스(064350): 10건 — 방산 대기업 ‘현대로템’ 전북 상륙… 무주에 항공우주 산업 심장
2026-03-05 11:53:00,888 [INFO] fetch_pykrx(064350): price=229000.0, chg=13.366336633663368
2026-03-05 11:53:01,472 [DEBUG] 뉴스(064350): 10건 — 방산 대기업 ‘현대로템’ 전북 상륙… 무주에 항공우주 산업 심장
2026-03-05 11:53:10,898 [INFO] fetch_pykrx(064350): price=229000.0, chg=13.366336633663368
2026-03-05 11:53:11,648 [DEBUG] 뉴스(064350): 10건 — 방산 대기업 ‘현대로템’ 전북 상륙… 무주에 항공우주 산업 심장
2026-03-05 11:53:20,897 [INFO] fetch_pykrx(064350): price=229000.0, chg=13.366336633663368
2026-03-05 11:53:21,550 [DEBUG] 뉴스(064350): 10건 — 방산 대기업 ‘현대로템’ 전북 상륙… 무주에 항공우주 산업 심장
2026-03-05 11:53:30,922 [INFO] fetch_pykrx(064350): price=229250.0, chg=13.490099009900991
2026-03-05 11:53:31,567 [DEBUG] 뉴스(064350): 10건 — 방산 대기업 ‘현대로템’ 전북 상륙… 무주에 항공우주 산업 심장
2026-03-05 11:53:40,920 [INFO] fetch_pykrx(064350): price=229250.0, chg=13.490099009900991
2026-03-05 11:53:42,219 [DEBUG] 뉴스(064350): 10건 — 방산 대기업 ‘현대로템’ 전북 상륙… 무주에 항공우주 산업 심장
2026-03-05 11:53:51,161 [INFO] fetch_pykrx(064350): price=229250.0, chg=13.490099009900991
2026-03-05 11:53:51,765 [DEBUG] 뉴스(064350): 10건 — 방산 대기업 ‘현대로템’ 전북 상륙… 무주에 항공우주 산업 심장
2026-03-05 11:54:00,950 [INFO] fetch_pykrx(064350): price=229250.0, chg=13.490099009900991
2026-03-05 11:54:01,702 [DEBUG] 뉴스(064350): 10건 — 방산 대기업 ‘현대로템’ 전북 상륙… 무주에 항공우주 산업 심장
2026-03-05 11:54:10,958 [INFO] fetch_pykrx(064350): price=229250.0, chg=13.490099009900991
2026-03-05 11:54:11,704 [DEBUG] 뉴스(064350): 10건 — 방산 대기업 ‘현대로템’ 전북 상륙… 무주에 항공우주 산업 심장
2026-03-05 11:54:20,980 [INFO] fetch_pykrx(064350): price=229250.0, chg=13.490099009900991
2026-03-05 11:54:21,616 [DEBUG] 뉴스(064350): 10건 — 방산 대기업 ‘현대로템’ 전북 상륙… 무주에 항공우주 산업 심장
2026-03-05 11:54:31,037 [INFO] fetch_pykrx(064350): price=228500.0, chg=13.118811881188119
2026-03-05 11:54:31,723 [DEBUG] 뉴스(064350): 10건 — 방산 대기업 ‘현대로템’ 전북 상륙… 무주에 항공우주 산업 심장
2026-03-05 11:54:40,996 [INFO] fetch_pykrx(064350): price=228500.0, chg=13.118811881188119
2026-03-05 11:54:41,707 [DEBUG] 뉴스(064350): 10건 — 방산 대기업 ‘현대로템’ 전북 상륙… 무주에 항공우주 산업 심장
2026-03-05 11:54:50,989 [INFO] fetch_pykrx(064350): price=228500.0, chg=13.118811881188119
2026-03-05 11:54:51,629 [DEBUG] 뉴스(064350): 10건 — 방산 대기업 ‘현대로템’ 전북 상륙… 무주에 항공우주 산업 심장
2026-03-05 11:55:00,998 [INFO] fetch_pykrx(064350): price=228500.0, chg=13.118811881188119
2026-03-05 11:55:01,616 [DEBUG] 뉴스(064350): 10건 — 방산 대기업 ‘현대로템’ 전북 상륙… 무주에 항공우주 산업 심장
2026-03-05 11:55:11,008 [INFO] fetch_pykrx(064350): price=228500.0, chg=13.118811881188119
2026-03-05 11:55:11,672 [DEBUG] 뉴스(064350): 10건 — 방산 대기업 ‘현대로템’ 전북 상륙… 무주에 항공우주 산업 심장
2026-03-05 11:55:21,021 [INFO] fetch_pykrx(064350): price=228500.0, chg=13.118811881188119
2026-03-05 11:55:21,633 [DEBUG] 뉴스(064350): 10건 — 방산 대기업 ‘현대로템’ 전북 상륙… 무주에 항공우주 산업 심장
2026-03-05 11:55:31,070 [INFO] fetch_pykrx(064350): price=227500.0, chg=12.623762376237623
2026-03-05 11:55:31,769 [DEBUG] 뉴스(064350): 10건 — 방산 대기업 ‘현대로템’ 전북 상륙… 무주에 항공우주 산업 심장
2026-03-05 11:55:41,017 [INFO] fetch_pykrx(064350): price=227500.0, chg=12.623762376237623
2026-03-05 11:55:42,743 [DEBUG] 뉴스(064350): 10건 — 방산 대기업 ‘현대로템’ 전북 상륙… 무주에 항공우주 산업 심장
2026-03-05 11:55:51,038 [INFO] fetch_pykrx(064350): price=227500.0, chg=12.623762376237623
2026-03-05 11:55:51,606 [DEBUG] 뉴스(064350): 10건 — 방산 대기업 ‘현대로템’ 전북 상륙… 무주에 항공우주 산업 심장
2026-03-05 11:56:01,038 [INFO] fetch_pykrx(064350): price=227500.0, chg=12.623762376237623
2026-03-05 11:56:01,686 [DEBUG] 뉴스(064350): 10건 — 방산 대기업 ‘현대로템’ 전북 상륙… 무주에 항공우주 산업 심장
2026-03-05 11:56:11,067 [INFO] fetch_pykrx(064350): price=227500.0, chg=12.623762376237623
2026-03-05 11:56:12,015 [DEBUG] 뉴스(064350): 10건 — 방산 대기업 ‘현대로템’ 전북 상륙… 무주에 항공우주 산업 심장
2026-03-05 11:56:21,075 [INFO] fetch_pykrx(064350): price=227500.0, chg=12.623762376237623
2026-03-05 11:56:21,685 [DEBUG] 뉴스(064350): 10건 — 방산 대기업 ‘현대로템’ 전북 상륙… 무주에 항공우주 산업 심장
2026-03-05 11:56:31,138 [INFO] fetch_pykrx(064350): price=226750.0, chg=12.252475247524753
2026-03-05 11:56:32,318 [DEBUG] 뉴스(064350): 10건 — 방산 대기업 ‘현대로템’ 전북 상륙… 무주에 항공우주 산업 심장
2026-03-05 11:56:41,089 [INFO] fetch_pykrx(064350): price=226750.0, chg=12.252475247524753
2026-03-05 11:56:42,039 [DEBUG] 뉴스(064350): 10건 — 방산 대기업 ‘현대로템’ 전북 상륙… 무주에 항공우주 산업 심장
2026-03-05 11:56:51,127 [INFO] fetch_pykrx(064350): price=226750.0, chg=12.252475247524753
2026-03-05 11:56:51,812 [DEBUG] 뉴스(064350): 10건 — 방산 대기업 ‘현대로템’ 전북 상륙… 무주에 항공우주 산업 심장
2026-03-05 11:57:01,108 [INFO] fetch_pykrx(064350): price=226750.0, chg=12.252475247524753
2026-03-05 11:57:02,170 [DEBUG] 뉴스(064350): 10건 — 방산 대기업 ‘현대로템’ 전북 상륙… 무주에 항공우주 산업 심장
2026-03-05 11:57:11,138 [INFO] fetch_pykrx(064350): price=226750.0, chg=12.252475247524753
2026-03-05 11:57:11,802 [DEBUG] 뉴스(064350): 10건 — 방산 대기업 ‘현대로템’ 전북 상륙… 무주에 항공우주 산업 심장
2026-03-05 11:57:21,133 [INFO] fetch_pykrx(064350): price=226750.0, chg=12.252475247524753
2026-03-05 11:57:21,770 [DEBUG] 뉴스(064350): 10건 — 방산 대기업 ‘현대로템’ 전북 상륙… 무주에 항공우주 산업 심장
2026-03-05 11:57:31,139 [INFO] fetch_pykrx(064350): price=227000.0, chg=12.376237623762377
2026-03-05 11:57:32,167 [DEBUG] 뉴스(064350): 10건 — 방산 대기업 ‘현대로템’ 전북 상륙… 무주에 항공우주 산업 심장
2026-03-05 11:57:41,147 [INFO] fetch_pykrx(064350): price=227000.0, chg=12.376237623762377
2026-03-05 11:57:41,758 [DEBUG] 뉴스(064350): 10건 — 방산 대기업 ‘현대로템’ 전북 상륙… 무주에 항공우주 산업 심장
2026-03-05 11:57:51,148 [INFO] fetch_pykrx(064350): price=227000.0, chg=12.376237623762377
2026-03-05 11:57:51,731 [DEBUG] 뉴스(064350): 10건 — 방산 대기업 ‘현대로템’ 전북 상륙… 무주에 항공우주 산업 심장
2026-03-05 11:58:01,161 [INFO] fetch_pykrx(064350): price=227000.0, chg=12.376237623762377
2026-03-05 11:58:02,234 [DEBUG] 뉴스(064350): 10건 — 방산 대기업 ‘현대로템’ 전북 상륙… 무주에 항공우주 산업 심장
2026-03-05 11:58:11,158 [INFO] fetch_pykrx(064350): price=227000.0, chg=12.376237623762377
2026-03-05 11:58:11,787 [DEBUG] 뉴스(064350): 10건 — 방산 대기업 ‘현대로템’ 전북 상륙… 무주에 항공우주 산업 심장
2026-03-05 11:58:21,187 [INFO] fetch_pykrx(064350): price=227000.0, chg=12.376237623762377
2026-03-05 11:58:21,826 [DEBUG] 뉴스(064350): 10건 — 방산 대기업 ‘현대로템’ 전북 상륙… 무주에 항공우주 산업 심장
2026-03-05 11:58:31,231 [INFO] fetch_pykrx(064350): price=226500.0, chg=12.128712871287128
2026-03-05 11:58:32,431 [DEBUG] 뉴스(064350): 10건 — 방산 대기업 ‘현대로템’ 전북 상륙… 무주에 항공우주 산업 심장
2026-03-05 11:58:41,227 [INFO] fetch_pykrx(064350): price=226500.0, chg=12.128712871287128
2026-03-05 11:58:41,829 [DEBUG] 뉴스(064350): 10건 — 방산 대기업 ‘현대로템’ 전북 상륙… 무주에 항공우주 산업 심장
2026-03-05 11:58:51,208 [INFO] fetch_pykrx(064350): price=226500.0, chg=12.128712871287128
2026-03-05 11:58:51,864 [DEBUG] 뉴스(064350): 10건 — 방산 대기업 ‘현대로템’ 전북 상륙… 무주에 항공우주 산업 심장
2026-03-05 11:59:01,206 [INFO] fetch_pykrx(064350): price=226500.0, chg=12.128712871287128
2026-03-05 11:59:01,991 [DEBUG] 뉴스(064350): 10건 — 방산 대기업 ‘현대로템’ 전북 상륙… 무주에 항공우주 산업 심장
2026-03-05 11:59:11,257 [INFO] fetch_pykrx(064350): price=226500.0, chg=12.128712871287128
2026-03-05 11:59:12,026 [DEBUG] 뉴스(064350): 10건 — 방산 대기업 ‘현대로템’ 전북 상륙… 무주에 항공우주 산업 심장
2026-03-05 11:59:21,229 [INFO] fetch_pykrx(064350): price=226500.0, chg=12.128712871287128
2026-03-05 11:59:21,858 [DEBUG] 뉴스(064350): 10건 — 방산 대기업 ‘현대로템’ 전북 상륙… 무주에 항공우주 산업 심장
2026-03-05 11:59:31,484 [INFO] fetch_pykrx(064350): price=227000.0, chg=12.376237623762377
2026-03-05 11:59:32,187 [DEBUG] 뉴스(064350): 10건 — 방산 대기업 ‘현대로템’ 전북 상륙… 무주에 항공우주 산업 심장
2026-03-05 11:59:41,257 [INFO] fetch_pykrx(064350): price=227000.0, chg=12.376237623762377
2026-03-05 11:59:41,887 [DEBUG] 뉴스(064350): 10건 — 방산 대기업 ‘현대로템’ 전북 상륙… 무주에 항공우주 산업 심장
2026-03-05 11:59:51,247 [INFO] fetch_pykrx(064350): price=227000.0, chg=12.376237623762377
2026-03-05 11:59:51,853 [DEBUG] 뉴스(064350): 10건 — 방산 대기업 ‘현대로템’ 전북 상륙… 무주에 항공우주 산업 심장
2026-03-05 12:00:01,256 [INFO] fetch_pykrx(064350): price=227000.0, chg=12.376237623762377
2026-03-05 12:00:01,853 [DEBUG] 뉴스(064350): 10건 — 방산 대기업 ‘현대로템’ 전북 상륙… 무주에 항공우주 산업 심장
2026-03-05 12:00:11,264 [INFO] fetch_pykrx(064350): price=227000.0, chg=12.376237623762377
2026-03-05 12:00:11,966 [DEBUG] 뉴스(064350): 10건 — 방산 대기업 ‘현대로템’ 전북 상륙… 무주에 항공우주 산업 심장
2026-03-05 12:00:21,276 [INFO] fetch_pykrx(064350): price=227000.0, chg=12.376237623762377
2026-03-05 12:00:22,033 [DEBUG] 뉴스(064350): 10건 — 방산 대기업 ‘현대로템’ 전북 상륙… 무주에 항공우주 산업 심장
2026-03-05 12:00:31,320 [INFO] fetch_pykrx(064350): price=226500.0, chg=12.128712871287128
2026-03-05 12:00:32,537 [DEBUG] 뉴스(064350): 10건 — 방산 대기업 ‘현대로템’ 전북 상륙… 무주에 항공우주 산업 심장
2026-03-05 12:00:41,273 [INFO] fetch_pykrx(064350): price=226500.0, chg=12.128712871287128
2026-03-05 12:00:42,025 [DEBUG] 뉴스(064350): 10건 — 방산 대기업 ‘현대로템’ 전북 상륙… 무주에 항공우주 산업 심장
2026-03-05 12:00:51,305 [INFO] fetch_pykrx(064350): price=226500.0, chg=12.128712871287128
2026-03-05 12:00:52,008 [DEBUG] 뉴스(064350): 10건 — 방산 대기업 ‘현대로템’ 전북 상륙… 무주에 항공우주 산업 심장
2026-03-05 12:01:01,300 [INFO] fetch_pykrx(064350): price=226500.0, chg=12.128712871287128
2026-03-05 12:01:02,012 [DEBUG] 뉴스(064350): 10건 — 방산 대기업 ‘현대로템’ 전북 상륙… 무주에 항공우주 산업 심장
2026-03-05 12:01:11,304 [INFO] fetch_pykrx(064350): price=226500.0, chg=12.128712871287128
2026-03-05 12:01:11,929 [DEBUG] 뉴스(064350): 10건 — 방산 대기업 ‘현대로템’ 전북 상륙… 무주에 항공우주 산업 심장
2026-03-05 12:01:21,336 [INFO] fetch_pykrx(064350): price=226500.0, chg=12.128712871287128
2026-03-05 12:01:21,924 [DEBUG] 뉴스(064350): 10건 — 방산 대기업 ‘현대로템’ 전북 상륙… 무주에 항공우주 산업 심장
2026-03-05 12:01:31,379 [INFO] fetch_pykrx(064350): price=226500.0, chg=12.128712871287128
2026-03-05 12:01:32,075 [DEBUG] 뉴스(064350): 10건 — 방산 대기업 ‘현대로템’ 전북 상륙… 무주에 항공우주 산업 심장
2026-03-05 12:01:41,344 [INFO] fetch_pykrx(064350): price=226500.0, chg=12.128712871287128
2026-03-05 12:01:42,019 [DEBUG] 뉴스(064350): 10건 — 방산 대기업 ‘현대로템’ 전북 상륙… 무주에 항공우주 산업 심장
2026-03-05 12:01:51,346 [INFO] fetch_pykrx(064350): price=226500.0, chg=12.128712871287128
2026-03-05 12:01:52,059 [DEBUG] 뉴스(064350): 10건 — 방산 대기업 ‘현대로템’ 전북 상륙… 무주에 항공우주 산업 심장
2026-03-05 12:02:01,336 [INFO] fetch_pykrx(064350): price=226500.0, chg=12.128712871287128
2026-03-05 12:02:01,954 [DEBUG] 뉴스(064350): 10건 — 방산 대기업 ‘현대로템’ 전북 상륙… 무주에 항공우주 산업 심장
2026-03-05 12:02:11,364 [INFO] fetch_pykrx(064350): price=226500.0, chg=12.128712871287128
2026-03-05 12:02:12,035 [DEBUG] 뉴스(064350): 10건 — 방산 대기업 ‘현대로템’ 전북 상륙… 무주에 항공우주 산업 심장
2026-03-05 12:02:21,383 [INFO] fetch_pykrx(064350): price=226500.0, chg=12.128712871287128
2026-03-05 12:02:22,366 [DEBUG] 뉴스(064350): 10건 — 방산 대기업 ‘현대로템’ 전북 상륙… 무주에 항공우주 산업 심장
2026-03-05 12:02:31,417 [INFO] fetch_pykrx(064350): price=226000.0, chg=11.881188118811881
2026-03-05 12:02:32,958 [DEBUG] 뉴스(064350): 10건 — 방산 대기업 ‘현대로템’ 전북 상륙… 무주에 항공우주 산업 심장
2026-03-05 12:02:41,377 [INFO] fetch_pykrx(064350): price=226000.0, chg=11.881188118811881
2026-03-05 12:02:41,993 [DEBUG] 뉴스(064350): 10건 — 방산 대기업 ‘현대로템’ 전북 상륙… 무주에 항공우주 산업 심장
2026-03-05 12:02:51,407 [INFO] fetch_pykrx(064350): price=226000.0, chg=11.881188118811881
2026-03-05 12:02:52,099 [DEBUG] 뉴스(064350): 10건 — 방산 대기업 ‘현대로템’ 전북 상륙… 무주에 항공우주 산업 심장
2026-03-05 12:03:01,398 [INFO] fetch_pykrx(064350): price=226000.0, chg=11.881188118811881
2026-03-05 12:03:02,104 [DEBUG] 뉴스(064350): 10건 — 방산 대기업 ‘현대로템’ 전북 상륙… 무주에 항공우주 산업 심장
2026-03-05 12:03:11,408 [INFO] fetch_pykrx(064350): price=226000.0, chg=11.881188118811881
2026-03-05 12:03:12,034 [DEBUG] 뉴스(064350): 10건 — 방산 대기업 ‘현대로템’ 전북 상륙… 무주에 항공우주 산업 심장
2026-03-05 12:03:21,418 [INFO] fetch_pykrx(064350): price=226000.0, chg=11.881188118811881
2026-03-05 12:03:22,135 [DEBUG] 뉴스(064350): 10건 — 방산 대기업 ‘현대로템’ 전북 상륙… 무주에 항공우주 산업 심장
2026-03-05 12:03:31,448 [INFO] fetch_pykrx(064350): price=225500.0, chg=11.633663366336634
2026-03-05 12:03:32,109 [DEBUG] 뉴스(064350): 10건 — 방산 대기업 ‘현대로템’ 전북 상륙… 무주에 항공우주 산업 심장
2026-03-05 12:03:41,437 [INFO] fetch_pykrx(064350): price=225500.0, chg=11.633663366336634
2026-03-05 12:03:42,041 [DEBUG] 뉴스(064350): 10건 — 방산 대기업 ‘현대로템’ 전북 상륙… 무주에 항공우주 산업 심장
